849
123
520
531
180
399
64
574
121
780
704
106
949
938
252
208
676
338
622
558
609
844
258
947
330
1
795
153
931
874
591
135
619
613
795
574
153
916
77
652
596
431
648
910
704
425
381
163
406
927
469
77
467
172
218
808
218
96
597
506
974
171
652
900
558
49
569
704
242
685
372
703
362
596
837
340
28
937
258
894
433
159
1
895
901
218
514
970
894
938
200
512
805
757
197
365
199
729
761
805
334
127
872
917
665
381
349
496
552
77
44
367
695
539
472
494
589
706
42
837
541
514
77
229
695
423
910
1
159
704
897
837
121
1
311
781
3
381
967
153
362
577
289
842
500
353
35
341
381
682
455
153
662
786
172
621
486
213
521
328
598
341
734
653
524
4
16
134
1006
739
223
653
949
251
102
141
98
757
507
932
907
755
539
569
115
49
739
938
129
726
237
461
466
30
28
441
786
533
264
659
327
324
625
34
42
955
682
430
372
743
514
146
376
130
581
582
425
300
567
857
598
372
598
1
134
467
150
942
248
802
362
784
231
162
836
115
622
213
712
726
824
223
823
925
425
945
513
265
786
290
343
66
225
441
331
799
1
731
437
740
418
797
864
242
501
289
928
805
334
943
189
975
695
195
381
126
201
108
498
913
486
118
825
378
531
525
938
798
188
363
311
24
832
367
134
350
531
425
324
647
8
738
229
99
894
254
172
582
918
361
930
519
894
362
68
384
123
160
763
121
7
653
796
385
42
455
429
576
733
396
152
590
653
460
950
159
28
672
505
847
690
757
334
370
201
902
396
44
961
273
425
362
841
454
189
539
140
134
748
848
647
596
343
406
796
1
513
133
577
780
153
857
628
69
723
301
132
98
16
924
132
733
743
1
744
881
519
334
132
258
900
626
305
1006
57
169
68
999
425
767
605
213
673
448
711
449
196
825
169
267
17
132
64
305
115
961
902
163
130
88
1
967
475
849
625
121
408
47
328
505
425
733
984
380
238
89
201
121
75
505
950
886
731
197
845
863
302
704
448
837
172
450
77
785
929
1
5
894
957
689
437
594
474
481
956
529
134
685
786
408
758
710
77
266
605
712
569
312
690
600
835
960
187
362
741
381
563
105
372
480
516
377
704
657
182
558
394
577
190
661
848
799
323
766
638
650
577
682
386
135
783
875
683
867
266
842
425
343
796
153
864
789
387
654
186
284
980
653
173
685
651
994
68
116
494
786
415
163
367
77
608
476
263
424
384
676
100
752
543
849
606
201
229
68
818
254
90
258
759
362
619
275
868
91
201
720
189
102
557
439
134
890
748
672
266
332
207
837
16
276
796
625
273
676
558
172
519
153
829
894
632
499
303
657
752
463
818
198
815
273
77
1
665
609
752
841
7
210
804
890
357
956
895
752
876
331
272
911
33
248
235
543
818
824
852
784
294
76
182
579
795
216
607
1
772
350
1
419
998
286
1
758
714
457
722
0
894
927
86
545
191
872
95
513
667
123
159
68
900
16
375
834
971
787
151
356
56
597
570
902
970
301
394
153
861
369
362
201
742
266
994
301
396
919
785
562
709
474
189
51
900
704
685
77
848
837
695
577
52
476
779
48
740
362
596
206
302
248
780
130
298
500
245
590
796
601
160
423
275
11
415
722
362
210
902
925
715
505
1006
35
646
25
741
249
411
353
248
769
99
842
540
64
134
682
520
1006
519
837
600
598
524
685
287
685
28
596
240
470
995
102
19
1
3
387
381
227
324
115
630
927
459
797
476
246
17
417
387
104
87
856
248
853
917
122
821
423
662
552
33
28
47
701
726
372
115
556
303
520
113
381
567
524
742
235
970
881
172
597
153
77
608
969
647
126
121
575
197
733
334
362
897
54
42
704
328
334
259
1
978
334
248
1002
81
49
916
536
248
587
201
334
228
134
428
731
309
867
757
49
757
24
346
652
415
881
704
306
619
248
460
617
305
301
596
829
899
27
721
677
796
62
525
254
582
112
823
917
304
930
600
93
172
526
872
643
32
690
175
700
702
6
567
451
328
76
603
219
861
657
719
98
342
473
1
175
733
335
613
437
442
651
400
837
766
97
448
704
476
531
827
625
576
322
600
462
290
742
99
115
429
476
256
58
153
464
327
961
704
698
105
213
543
879
780
239
437
500
44
655
153
885
685
0
635
16
501
357
99
326
818
168
704
947
7
47
780
43
293
913
984
552
175
544
256
896
140
360
654
362
11
733
918
98
180
328
771
799
57
218
925
898
805
204
189
121
28
955
876
837
254
323
646
185
997
847
505
365
324
980
153
752
742
159
272
647
931
777
529
425
372
434
802
882
850
849
324
738
62
358
844
635
558
680
474
258
1
536
324
105
799
955
885
390
916
407
912
119
448
875
259
632
172
149
652
435
733
864
83
757
544
590
115
652
847
729
115
108
47
235
172
386
758
672
714
121
902
128
897
381
296
704
554
501
66
594
514
462
733
543
326
543
419
275
786
93
144
961
92
819
111
647
289
690
324
647
330
715
685
531
747
970
113
242
480
163
902
752
248
353
953
736
847
846
589
954
726
917
283
246
248
823
920
498
44
255
816
134
619
830
902
1
600
285
201
890
372
7
195
65
49
794
923
134
213
467
309
121
507
44
835
258
843
1
951
748
555
689
81
786
386
893
150
54
32
786
421
565
121
704
530
651
275
809
937
875
785
1006
225
111
398
381
460
685
44
520
381
978
372
916
704
440
334
122
169
855
409
175
637
894
126
372
345
950
164
64
187
537
831
289
49
130
25
897
897
947
142
824
781
647
417
448
28
731
167
646
434
705
159
833
821
200
799
430
756
970
705
37
343
172
317
646
387
295
199
404
1
992
129
861
292
167
437
647
950
144
596
123
130
130
390
201
322
607
151
733
871
894
4
531
569
365
399
487
293
223
448
11
882
570
651
643
392
425
36
77
619
766
493
56
24
80
151
305
54
727
27
254
266
258
327
246
625
795
1
16
334
626
215
0
579
28
342
757
96
979
524
215
425
191
327
813
690
672
785
900
284
688
890
559
201
341
94
733
593
837
255
122
434
693
207
571
437
220
577
529
399
886
476
521
596
115
842
242
550
884
695
748
309
595
805
447
372
893
805
943
796
134
704
804
996
410
999
577
266
729
550
577
201
771
917
611
318
544
54
172
206
471
638
898
334
334
175
418
512
805
970
362
145
748
894
288
172
593
346
28
254
745
374
265
294
534
360
399
866
619
136
519
158
387
791
369
160
894
711
847
609
571
584
512
553
77
995
587
517
367
372
600
150
407
543
690
804
9
609
486
970
328
30
643
372
258
948
1
75
847
922
519
241
958
206
153
578
115
102
144
386
742
692
837
565
823
334
49
897
362
486
628
531
658
49
625
99
338
568
501
972
149
49
309
211
134
134
796
153
324
650
469
336
469
825
524
425
275
886
201
704
922
386
311
64
639
439
30
733
174
265
425
840
393
372
902
1
486
632
372
343
939
425
568
258
282
425
219
448
977
636
54
788
855
505
271
362
181
236
187
864
354
100
10
31
434
179
93
676
584
398
900
636
349
126
474
122
432
248
28
850
576
484
617
252
469
683
476
293
77
954
268
386
669
208
722
77
796
384
210
606
901
900
492
100
588
263
213
837
741
42
729
704
780
81
563
99
593
742
616
837
68
349
712
505
910
826
250
553
95
66
96
524
134
913
543
36
635
425
702
1
843
981
639
322
159
969
435
833
2
897
970
200
650
153
228
452
576
115
666
784
596
841
425
437
206
254
712
370
381
340
75
437
203
78
227
999
54
70
576
514
434
341
295
379
507
295
362
175
195
115
195
27
786
328
529
970
384
520
396
709
67
818
172
619
869
677
99
558
733
384
799
0
130
514
678
685
685
752
864
342
543
417
362
875
646
473
462
685
786
816
393
481
102
264
922
927
65
266
729
820
543
334
309
865
473
653
875
628
505
381
786
96
696
652
288
955
426
400
498
266
807
460
558
334
236
788
193
226
596
695
425
206
805
873
213
913
805
690
897
856
425
552
11
780
64
560
932
872
399
301
894
577
508
49
786
537
749
239
704
100
372
920
32
361
964
24
731
64
484
989
837
63
929
176
266
544
121
7
499
324
883
54
362
312
949
704
780
912
539
338
362
733
189
575
676
625
972
381
265
373
574
854
758
199
524
425
334
370
894
143
524
153
842
548
114
99
381
704
978
144
95
805
743
600
229
659
476
704
50
201
201
324
152
115
467
187
68
326
542
529
415
758
863
30
558
99
201
911
218
992
196
507
172
299
172
163
535
372
33
704
761
507
796
463
354
695
415
44
440
882
353
423
12
652
552
704
917
652
37
596
704
36
1
494
399
704
96
788
702
189
266
381
195
262
378
805
124
741
225
463
611
597
131
787
733
397
827
574
924
980
197
387
759
778
322
693
742
900
159
415
446
113
520
273
77
362
917
626
581
888
837
571
529
970
169
381
370
172
266
929
96
619
847
651
267
568
213
784
897
45
964
699
126
937
833
254
302
117
519
229
818
47
79
184
242
752
892
632
517
780
254
153
524
955
384
372
343
169
752
704
282
1
912
580
317
685
135
994
341
378
745
758
961
362
947
103
790
334
483
825
770
327
356
691
851
792
446
576
384
110
594
256
254
580
277
108
311
448
248
415
377
153
362
784
702
1
69
292
769
726
632
294
134
266
988
7
940
902
18
301
235
43
130
100
616
501
1001
894
258
121
99
590
732
301
571
607
7
805
425
115
856
435
970
289
577
786
77
601
246
25
504
956
153
582
37
804
68
619
816
862
375
400
653
593
517
256
399
258
515
650
105
289
635
63
362
351
685
970
577
391
742
997
888
670
47
805
533
342
505
159
646
635
1
902
664
748
423
128
687
1
842
540
362
408
890
65
796
153
757
511
417
264
283
970
749
325
362
182
941
196
168
311
823
193
253
347
225
172
134
158
780
733
760
248
733
256
153
731
558
483
786
972
677
445
693
785
929
94
115
264
704
36
164
950
521
68
792
1000
967
929
100
955
96
172
249
354
323
748
928
191
902
462
134
863
47
955
418
950
829
311
309
752
248
77
387
733
855
190
700
306
213
501
59
574
134
150
757
66
514
727
583
805
228
43
531
62
163
233
871
156
187
57
77
172
96
900
690
875
824
512
160
566
975
757
757
847
743
550
16
814
736
743
997
957
634
204
802
106
902
172
788
543
937
378
682
1000
155
259
517
672
486
1
752
837
180
955
492
134
172
748
11
550
576
839
68
520
524
796
294
476
77
384
192
142
128
704
86
213
230
788
121
505
551
460
311
379
816
269
258
927
799
918
1003
897
874
248
685
627
692
347
424
587
786
808
738
372
645
365
766
121
651
81
378
689
557
462
997
685
195
213
596
254
201
577
358
30
685
875
689
837
835
766
455
377
513
414
970
449
325
301
77
704
125
724
386
900
410
750
666
574
473
46
286
978
646
372
917
688
105
563
513
780
365
757
771
954
908
900
473
826
700
818
632
102
205
96
60
425
423
900
113
837
733
347
213
685
77
753
700
289
134
144
248
664
930
525
324
721
437
254
213
381
397
970
805
906
387
311
476
748
1
228
208
746
536
27
215
766
652
102
47
343
425
685
44
232
248
94
79
967
1
92
970
923
684
271
937
172
153
596
647
752
626
275
311
894
229
324
115
144
902
938
569
68
827
704
519
836
649
752
543
331
446
593
967
700
880
328
301
898
987
558
221
372
21
820
330
513
112
172
628
704
113
11
854
651
90
188
228
450
955
776
816
619
752
902
394
467
476
753
239
169
256
897
272
11
929
103
434
563
134
969
598
733
311
254
278
98
381
748
305
441
134
977
77
676
477
343
33
608
457
625
255
166
460
690
289
980
270
738
805
254
280
172
220
492
852
913
468
619
970
16
64
254
334
248
386
654
380
970
714
42
248
587
492
558
734
421
236
923
919
879
633
175
158
334
902
379
18
134
434
847
93
894
381
955
406
225
733
795
103
384
551
1
96
712
590
425
21
50
901
362
400
49
947
1
155
978
152
409
448
524
574
216
288
264
210
290
989
1
7
731
749
676
704
805
805
406
153
698
537
144
153
142
417
636
625
87
434
1
695
368
136
130
150
571
788
609
797
761
814
47
144
386
275
364
766
322
475
475
529
782
367
694
864
87
372
690
245
35
297
372
121
351
787
229
199
647
700
291
153
666
950
256
68
944
346
529
761
958
601
197
872
134
213
837
578
205
100
381
878
228
107
672
767
890
49
424
929
84
28
77
425
311
384
695
999
199
87
0
434
229
365
469
400
919
486
183
970
531
4
4
241
872
891
852
1
741
206
701
752
444
343
365
53
839
712
596
778
266
47
894
577
489
113
685
551
543
95
751
30
916
379
685
808
115
144
943
75
737
476
919
525
902
81
591
343
633
688
184
937
63
533
988
153
528
372
1
327
502
704
519
505
384
690
543
529
286
95
24
651
230
20
62
638
830
704
806
756
668
64
28
201
139
501
593
328
425
153
766
842
42
816
259
77
462
739
476
892
579
873
256
341
1003
577
369
425
119
449
598
54
784
176
902
289
830
569
540
312
492
476
720
47
276
993
42
759
381
961
453
513
823
436
805
254
378
885
9
381
77
425
714
938
506
579
96
659
520
900
818
558
653
924
863
329
102
900
882
900
145
555
852
98
780
251
948
739
381
305
505
476
188
216
425
334
201
117
54
501
866
44
364
419
17
4
754
476
56
744
658
733
172
619
851
106
827
578
984
228
741
685
36
77
652
1
324
942
520
175
894
24
267
552
343
740
457
248
505
690
99
295
624
437
851
96
211
970
970
625
722
929
897
574
169
410
197
567
172
1
252
525
28
68
948
178
546
448
102
49
359
741
514
539
772
444
835
704
664
637
182
188
158
902
172
589
894
555
714
448
402
938
702
98
1003
347
593
761
833
478
825
576
663
551
3
668
377
381
988
701
478
909
187
571
729
176
132
448
374
894
658
74
453
823
479
123
486
817
467
454
969
772
664
970
65
476
837
600
159
818
970
362
766
539
290
134
853
525
201
381
577
354
855
450
671
226
258
340
878
729
552
731
265
206
931
347
49
334
704
460
619
546
319
335
476
835
796
386
741
337
282
969
384
12
472
771
790
676
970
342
761
652
842
77
138
411
16
460
771
303
346
958
917
273
381
251
387
77
857
372
804
274
68
448
1
529
134
235
96
161
159
742
742
153
408
682
95
859
237
240
961
132
807
343
685
425
967
558
939
837
771
248
198
867
962
853
796
453
786
362
847
984
201
182
784
482
49
598
77
929
610
16
786
581
514
16
54
334
806
704
536
501
370
425
225
311
543
771
44
741
824
372
229
947
909
711
460
0
674
771
153
786
77
455
672
786
697
695
183
688
657
505
864
425
900
854
552
741
572
207
349
343
701
823
157
609
197
690
677
462
742
626
384
201
54
852
119
923
590
1
904
535
64
989
213
248
977
840
246
905
134
672
381
201
161
835
163
799
640
476
690
372
372
492
681
362
1006
791
379
771
142
144
553
894
103
392
677
847
837
602
130
738
77
62
820
810
31
409
201
757
984
970
121
28
524
790
702
594
423
229
362
627
809
225
417
643
607
589
493
627
690
733
39
117
54
482
121
579
519
291
894
1
493
68
543
448
752
272
704
362
998
894
757
799
691
590
592
96
136
487
432
798
482
885
425
596
400
718
348
258
637
932
102
155
533
1
913
100
342
163
460
86
100
799
134
189
925
343
258
778
916
741
76
652
524
835
652
652
992
543
567
450
930
564
216
625
997
266
848
738
343
526
970
37
476
473
969
19
987
36
39
157
612
289
978
685
900
576
517
134
961
558
349
939
916
741
324
704
639
691
130
731
619
590
398
947
890
37
168
742
55
465
208
264
877
901
752
168
126
462
546
372
651
995
26
102
171
295
468
372
49
406
218
539
54
372
43
685
210
425
213
757
842
267
448
404
593
506
448
1
191
38
710
632
639
142
62
153
543
524
456
962
898
248
311
488
590
771
897
115
102
76
229
919
947
995
284
842
152
690
389
365
235
949
64
672
213
258
425
935
905
54
362
246
894
357
854
690
256
275
733
501
837
765
835
514
539
334
981
259
984
954
100
864
166
778
226
93
354
734
124
176
311
346
998
767
315
187
64
218
134
523
483
942
127
289
115
12
115
165
134
149
788
893
632
894
818
189
102
517
847
49
106
191
361
653
1006
548
880
913
582
788
859
513
806
476
707
297
224
1
19
732
600
643
904
837
142
977
266
286
175
75
169
391
305
12
841
575
733
520
920
211
733
6
30
524
693
607
305
213
301
627
246
305
503
96
890
28
399
599
134
102
721
37
10
820
339
62
937
153
714
70
384
435
685
690
804
425
731
577
902
387
99
266
889
106
201
600
32
284
765
626
613
115
331
172
685
861
780
365
704
915
902
770
511
847
284
64
57
77
407
210
448
232
386
632
799
311
265
40
869
918
294
303
425
953
134
1
636
634
475
292
497
153
932
565
295
82
636
165
246
864
153
682
955
704
1001
100
309
780
399
227
543
130
308
334
992
170
955
454
266
16
147
379
805
77
289
201
886
131
1
796
766
68
885
833
266
781
862
574
122
194
381
714
573
574
872
134
460
665
103
722
929
147
780
949
514
235
415
81
178
224
372
87
69
216
425
700
647
381
189
929
102
950
594
786
606
978
805
524
733
761
1
284
626
415
94
842
577
752
900
969
437
160
134
652
96
63
865
340
797
955
837
660
534
492
494
673
372
346
387
675
626
254
505
349
64
189
93
367
170
1
983
885
947
290
113
748
248
102
347
931
328
417
719
646
422
984
381
303
704
418
842
672
399
869
871
234
997
115
672
171
758
607
873
1
426
87
208
382
454
130
444
502
999
1
619
153
68
102
303
360
607
505
866
970
556
672
704
890
435
130
229
68
970
767
894
682
400
81
899
164
651
666
11
12
587
331
505
306
365
68
69
841
837
341
288
362
225
532
690
474
417
752
172
524
824
54
551
844
947
198
600
788
771
398
311
766
937
894
66
976
567
900
367
132
196
576
924
577
176
4
365
841
636
448
766
77
56
450
240
425
387
387
328
627
608
448
577
453
549
656
625
362
1
788
425
962
531
880
578
36
780
881
756
328
115
102
248
37
213
1001
543
913
715
628
864
341
567
757
760
978
900
289
274
579
153
216
495
837
529
438
835
128
167
386
568
866
289
916
950
102
425
495
632
37
818
324
768
448
208
373
576
201
359
429
505
861
210
121
841
15
995
1
96
608
738
394
311
646
525
151
201
712
477
225
920
153
799
95
994
448
69
780
271
539
112
381
624
175
931
265
894
172
799
105
68
187
361
970
894
786
444
679
693
795
690
685
387
271
247
533
277
543
704
328
225
151
543
258
787
796
628
172
762
742
757
704
149
408
979
788
991
252
983
445
678
590
386
956
42
381
180
907
520
856
514
434
667
807
282
859
591
560
460
647
859
682
448
282
672
929
134
961
468
153
901
77
1002
930
166
216
872
476
201
560
305
7
347
89
130
938
54
134
401
1
635
545
1
710
530
386
456
861
305
970
415
803
28
700
929
652
256
300
486
398
27
779
529
244
796
654
68
799
558
342
175
895
254
967
372
205
213
153
750
258
717
541
425
254
902
434
505
381
959
647
201
77
778
619
1
646
577
295
77
767
77
690
854
436
213
31
647
945
598
664
341
533
1
134
36
898
142
429
398
676
567
57
476
843
636
220
619
888
266
685
646
425
937
311
136
172
803
676
309
700
1
399
796
872
851
672
840
169
524
172
894
968
202
130
933
536
318
672
894
121
647
885
710
868
531
910
372
140
568
121
843
1006
153
894
116
68
318
646
892
903
553
596
690
799
266
475
598
505
68
228
272
723
248
619
734
276
179
925
311
917
526
441
704
476
750
997
39
796
824
179
233
39
311
151
20
237
343
267
624
1
978
25
852
25
493
322
1
558
172
77
372
924
1
531
213
544
1
394
172
48
356
386
467
248
894
287
468
649
254
142
524
894
153
818
436
399
835
616
425
68
470
1
804
805
685
894
476
759
416
577
835
987
136
169
908
115
163
463
678
721
491
425
987
211
54
386
219
68
169
311
797
303
991
619
248
381
59
715
731
1
841
64
688
625
28
784
460
248
574
505
248
312
704
160
324
448
460
647
248
17
814
475
835
689
577
266
24
922
172
140
690
178
619
581
275
217
788
738
168
93
513
131
201
682
121
970
68
492
410
711
159
994
152
733
441
799
284
778
305
323
43
367
704
215
142
690
72
690
852
169
529
810
543
769
1
930
172
956
24
677
902
135
970
372
615
531
955
164
486
335
448
294
187
188
564
799
837
524
57
850
752
324
27
514
423
399
647
96
367
379
262
441
875
632
334
455
651
144
796
326
968
752
594
256
269
305
568
574
772
189
857
704
144
1
106
902
199
690
685
308
506
1006
533
56
381
83
697
833
346
733
410
1
201
666
771
151
805
842
384
548
3
370
284
942
385
248
945
645
95
685
723
599
301
527
786
905
474
805
726
884
678
783
558
758
823
387
134
208
406
175
786
121
849
955
17
372
275
43
213
153
150
56
449
399
229
966
92
434
786
144
841
425
866
115
976
543
258
569
400
947
347
54
826
54
484
449
227
474
955
203
699
324
66
723
823
651
98
365
652
554
96
561
894
625
533
409
695
641
328
731
676
440
1
1
242
384
47
415
892
619
505
77
343
54
125
970
248
543
606
752
948
328
917
753
733
264
348
690
130
54
437
236
56
690
425
115
892
558
835
594
9
310
144
681
823
311
513
341
355
68
228
543
162
386
387
492
362
324
160
995
676
600
1001
148
258
206
825
632
790
11
196
624
448
425
93
856
54
912
342
473
560
932
505
543
610
284
574
501
168
970
970
35
284
227
956
248
525
593
501
921
704
917
837
894
153
799
505
187
483
134
672
677
910
387
372
558
980
324
289
425
159
334
36
773
95
372
27
497
412
99
239
11
619
441
220
933
170
76
252
894
47
240
455
576
55
128
77
68
172
900
81
415
322
784
531
673
266
486
149
47
872
1
448
66
501
664
209
139
272
54
153
1006
955
873
1
7
704
398
529
254
49
121
264
213
837
625
948
881
258
590
824
841
590
697
862
89
372
948
172
38
796
67
445
58
672
102
301
229
64
708
897
254
574
138
501
652
342
302
188
172
772
900
904
379
590
635
674
788
254
581
188
322
664
786
995
334
505
157
915
145
567
473
929
259
211
967
121
201
866
328
894
54
784
818
610
11
435
45
894
837
5
524
531
749
739
167
682
855
362
777
587
587
346
492
815
828
712
476
152
191
387
842
837
871
974
916
972
1
387
305
97
695
473
119
900
536
790
220
804
512
570
469
317
830
64
894
415
24
434
896
579
529
437
519
137
970
47
437
28
752
837
590
145
15
959
558
864
727
842
75
866
455
619
98
385
457
759
83
743
930
49
434
238
1
893
704
189
216
152
294
231
731
825
464
255
553
632
425
442
381
462
788
384
309
144
121
77
476
805
490
353
445
167
653
134
682
970
836
321
831
937
387
837
786
619
124
774
677
876
248
804
861
333
36
248
685
611
854
968
55
788
434
294
513
305
526
461
8
632
663
788
361
913
102
327
809
252
796
82
427
381
913
418
948
106
757
726
581
372
63
387
780
841
894
199
365
752
281
102
960
1
601
525
102
804
875
542
258
894
544
303
121
387
195
227
501
425
370
593
469
460
411
841
827
38
919
150
49
130
350
576
902
749
252
68
448
690
639
751
96
49
153
976
400
504
272
685
208
187
676
877
354
525
1
372
380
551
401
1000
894
916
704
787
197
152
524
924
145
568
894
647
460
430
900
334
189
752
381
375
82
1006
16
824
213
851
727
172
438
478
126
158
49
305
890
461
362
96
341
130
919
989
95
57
372
524
552
600
399
894
894
145
897
784
371
805
448
17
816
372
94
933
562
448
656
837
77
873
301
864
159
361
370
770
692
802
367
557
563
558
593
921
894
1
779
531
134
310
331
742
289
369
796
854
779
428
462
897
1
54
955
948
1
584
381
624
463
659
894
44
598
711
685
25
729
558
867
651
577
523
266
96
54
747
658
254
842
437
125
630
786
258
32
685
513
959
151
805
76
175
636
324
672
757
400
911
402
473
738
213
955
752
689
784
902
1
33
376
963
172
28
510
947
724
187
948
134
739
752
955
740
463
779
726
889
201
386
985
135
663
248
543
134
961
24
476
969
96
1
949
182
448
669
476
236
715
88
647
416
619
967
867
970
545
334
981
598
685
372
955
862
68
701
894
524
772
645
957
758
637
248
1
95
704
666
917
651
647
355
176
742
804
372
334
752
741
159
287
486
28
1
431
144
618
429
977
358
975
381
749
970
619
107
121
902
841
835
16
425
781
366
150
240
214
102
275
553
973
254
726
818
386
970
672
372
107
141
653
134
784
379
229
598
558
590
36
558
550
144
253
97
434
501
462
55
473
88
913
907
531
804
894
778
241
931
77
846
60
300
362
778
263
796
896
266
961
219
51
476
957
854
134
142
894
425
784
365
912
248
49
377
378
590
229
150
894
543
172
541
945
584
766
168
78
943
796
182
894
334
505
158
690
172
12
256
68
187
462
407
30
121
343
856
958
992
752
195
362
89
446
818
180
347
331
518
932
676
646
448
967
433
970
761
303
835
453
95
648
69
1
579
295
776
19
894
417
486
99
142
362
837
733
175
733
584
501
916
627
889
590
311
733
362
980
134
144
577
512
187
897
247
343
185
1004
727
258
505
805
738
30
859
685
894
248
335
64
256
289
520
582
729
916
539
130
635
805
970
969
272
448
217
408
77
505
273
625
97
543
311
947
515
177
690
912
289
486
158
213
55
714
602
837
590
721
864
902
10
142
207
796
360
897
901
190
645
0
107
853
119
16
295
136
455
588
311
752
505
780
448
1
574
77
902
703
820
577
360
916
54
787
543
902
1
653
353
688
284
714
930
766
645
228
937
882
112
942
324
977
305
37
211
100
229
520
94
534
837
49
861
170
455
663
502
690
99
614
9
786
837
311
739
688
12
138
151
843
49
902
911
885
625
915
134
672
115
948
424
346
871
578
473
311
341
890
854
580
626
690
865
231
173
818
334
144
519
445
311
434
847
329
596
275
476
1
410
10
474
917
955
643
395
545
937
823
362
387
802
228
254
248
1
197
19
160
842
543
36
468
209
1
87
799
54
715
39
690
368
271
722
201
685
187
690
894
977
115
39
788
473
847
897
625
1
426
626
399
628
243
436
216
476
912
213
307
258
251
362
570
533
523
142
914
455
334
842
590
236
372
423
788
1
213
658
520
913
150
842
685
63
79
429
551
195
362
102
152
172
99
179
626
677
685
334
289
421
967
514
805
365
316
437
81
253
841
504
83
640
790
362
857
342
805
486
920
579
597
113
338
115
672
894
258
208
743
578
969
647
669
685
575
258
729
121
372
850
514
778
275
738
398
989
124
77
476
759
343
847
752
153
61
619
284
508
289
563
809
303
308
248
685
867
303
837
1
955
334
666
940
949
741
902
201
197
978
492
970
961
596
685
26
248
587
977
946
324
411
894
704
797
594
947
917
20
11
342
144
766
265
354
365
307
134
130
993
761
951
615
28
301
512
537
146
152
647
460
619
54
311
752
68
476
990
225
398
460
765
946
334
365
581
178
619
894
870
201
897
387
106
626
685
49
132
311
102
766
206
249
501
902
448
682
334
560
495
318
822
368
610
840
742
347
894
695
721
747
752
142
319
395
77
315
96
1
0
144
254
902
266
576
384
805
970
210
6
986
149
115
301
132
741
399
24
938
632
949
947
30
513
902
1
558
134
913
780
883
632
458
790
955
816
1
647
42
68
115
434
132
384
328
748
805
674
302
153
448
0
77
327
449
448
264
71
104
382
1
487
191
710
650
28
284
423
557
339
484
805
628
747
841
646
248
837
712
352
567
930
213
544
694
505
931
890
574
575
400
180
976
689
742
130
233
505
23
761
685
99
858
121
403
818
894
195
912
799
473
576
824
672
99
233
970
341
460
393
444
654
971
197
113
688
875
768
372
202
475
484
379
77
362
52
81
837
847
816
543
266
324
37
342
56
969
474
15
938
520
493
26
258
381
28
685
997
758
9
979
781
943
30
715
828
492
11
229
489
787
159
196
415
93
576
387
978
417
258
607
929
49
309
49
584
543
995
519
254
324
144
225
674
940
169
786
614
425
381
229
766
1006
453
938
550
797
619
594
992
1
387
362
362
576
258
425
285
254
197
788
765
225
674
334
68
811
741
647
362
1
738
571
613
146
41
784
994
999
593
646
218
254
372
1
68
77
656
275
11
13
248
885
704
218
778
197
367
448
173
967
752
341
1
543
885
7
491
505
543
275
869
68
486
372
916
731
619
593
387
861
319
679
289
867
779
787
754
894
814
1
290
153
570
593
891
286
140
436
170
194
142
190
343
990
864
727
99
6
902
334
11
902
298
837
502
311
399
784
150
118
342
266
254
267
316
590
117
209
203
608
324
434
225
645
102
54
95
938
341
83
372
685
704
279
788
298
894
1000
224
501
449
643
259
968
1
435
969
691
883
362
332
905
579
34
902
741
784
726
407
619
743
690
334
948
810
324
384
600
847
306
861
874
298
552
970
520
309
350
805
425
225
544
175
102
254
685
213
396
534
937
873
213
651
388
767
551
398
938
354
96
882
387
201
955
303
76
45
144
347
457
524
64
476
590
201
381
324
379
362
28
372
501
254
448
577
819
216
720
379
12
461
833
501
248
626
894
891
967
524
856
189
916
958
576
672
531
600
437
743
690
36
693
951
625
543
8
11
529
62
216
89
829
842
16
955
948
714
683
501
786
854
954
729
837
54
78
559
672
36
577
482
266
1
266
372
281
748
108
682
191
348
248
360
682
195
47
16
96
539
662
745
592
501
569
295
423
501
590
33
948
877
319
890
258
855
717
272
987
83
930
784
642
63
387
131
155
494
970
948
327
1
179
834
584
327
955
797
596
425
818
664
42
563
434
766
130
625
134
346
969
679
947
531
384
627
275
153
577
169
49
172
68
593
666
734
311
709
63
415
861
292
72
501
625
364
823
81
647
1002
410
688
201
690
404
150
386
81
582
917
209
646
297
83
296
238
473
266
837
135
723
57
248
400
626
937
146
213
733
400
1006
581
28
94
655
823
29
685
172
997
651
1
625
25
121
58
49
524
596
51
672
239
683
308
916
153
64
93
505
358
967
16
24
395
134
470
652
228
550
766
305
542
837
989
861
762
394
322
258
767
153
158
695
434
113
541
779
398
590
302
431
88
42
176
740
772
215
377
134
266
845
1
264
658
396
365
213
539
18
153
486
329
187
638
920
406
809
362
112
382
151
634
63
400
652
268
261
362
880
206
362
446
818
788
524
955
889
690
423
305
516
342
738
119
609
248
970
994
139
423
372
216
1
425
68
453
632
786
23
289
674
759
113
211
974
526
902
1
590
266
362
501
600
18
917
900
900
530
729
394
894
593
574
42
365
574
647
726
543
434
955
619
894
784
251
541
758
1006
254
824
365
54
457
455
1
579
525
567
987
684
77
796
854
703
589
516
710
962
685
902
484
425
142
828
894
123
473
770
51
950
590
77
324
842
577
796
387
64
30
714
1
955
786
150
464
916
434
955
56
902
300
472
362
724
63
704
246
362
365
723
71
304
742
909
579
417
748
512
387
975
78
1
685
187
381
437
894
149
49
424
672
738
343
187
501
312
692
241
852
951
799
955
918
1
163
341
384
543
704
602
207
228
864
290
413
400
894
141
13
228
450
373
256
54
58
478
460
271
1
727
887
153
588
18
175
43
258
265
7
581
793
855
476
276
704
1006
297
736
367
350
897
412
757
612
254
953
579
685
311
282
432
136
837
380
432
685
229
77
704
206
805
425
685
514
246
746
266
761
105
319
387
480
783
480
656
311
238
967
758
169
1
837
805
644
778
410
201
951
99
176
57
661
590
382
702
311
847
213
150
685
766
916
1
248
76
372
310
372
676
328
900
704
1
372
348
809
742
799
248
742
188
134
894
28
286
530
766
577
862
996
565
615
619
114
396
647
847
305
446
769
703
381
448
380
150
783
967
731
742
508
121
64
648
102
588
59
460
160
402
809
77
82
529
706
598
134
484
955
786
380
258
201
334
53
731
978
625
837
172
99
425
425
539
151
191
837
206
685
855
476
685
742
837
258
900
170
178
35
493
562
134
978
796
635
1006
704
598
529
816
545
664
406
66
416
752
506
213
989
487
63
929
175
968
54
378
510
102
490
529
63
297
271
625
168
994
362
367
204
54
894
902
381
153
249
206
327
1
515
685
894
415
799
537
562
543
685
918
767
596
93
844
590
387
994
967
987
688
720
876
305
761
918
916
264
387
517
299
102
153
837
50
346
861
88
826
197
893
962
757
68
647
369
254
683
362
646
949
594
839
214
872
872
119
619
248
683
268
828
885
467
81
262
77
977
837
643
739
1006
752
894
153
417
637
531
761
1
195
248
386
305
44
237
189
311
248
52
532
311
748
100
859
360
176
520
881
779
425
897
803
969
230
372
1
324
721
847
818
617
115
333
386
367
558
55
32
130
894
484
94
305
381
342
691
539
598
37
189
328
666
894
525
18
301
766
685
148
652
384
102
1
692
741
894
730
560
731
651
892
328
90
153
855
513
305
947
615
499
178
625
425
144
173
201
929
36
1
577
579
759
970
955
447
495
786
381
780
44
589
799
952
409
362
752
872
674
627
905
682
476
452
292
358
929
254
150
391
362
833
189
771
1
593
970
726
955
473
924
134
113
313
355
776
964
733
197
454
558
1
760
714
959
365
398
189
534
408
659
218
594
228
688
910
929
216
264
554
153
77
150
148
54
555
893
589
541
387
172
524
134
230
767
917
625
837
213
343
881
189
710
590
841
825
652
47
73
548
102
262
17
606
467
796
460
837
931
632
805
372
16
429
134
645
627
352
952
112
910
667
175
855
311
927
797
270
493
781
106
483
829
969
117
106
437
691
460
182
609
733
400
837
159
133
381
803
1
367
150
502
153
619
100
805
796
771
144
282
552
977
381
229
456
955
690
757
717
372
847
298
328
54
609
970
689
696
937
831
543
380
169
396
29
235
579
308
758
492
495
690
921
235
970
784
835
112
894
495
980
558
151
115
970
501
627
894
885
712
710
445
12
543
106
229
163
398
576
889
387
153
68
46
662
25
153
704
677
269
852
840
77
541
102
47
691
577
54
596
164
99
885
334
685
987
152
53
943
784
476
674
492
657
517
365
567
771
432
847
503
596
728
206
248
334
286
296
596
695
672
742
505
524
752
864
254
632
143
115
704
172
16
970
100
440
302
16
8
179
1
885
362
823
309
138
149
384
7
195
54
646
309
805
894
458
741
492
995
341
264
77
111
541
149
1
7
7
784
698
337
297
211
66
576
372
1
685
676
645
505
651
311
623
748
558
399
778
949
284
651
651
386
460
530
932
248
646
201
646
391
752
788
202
358
666
206
58
172
304
657
921
785
96
64
702
213
524
741
170
189
692
372
889
172
647
492
505
134
803
164
142
187
87
116
695
837
246
683
746
796
133
47
729
466
937
16
582
758
324
760
77
38
365
224
842
971
723
930
804
197
796
778
575
787
54
264
229
748
461
121
918
102
543
248
329
872
923
54
87
881
387
847
588
970
647
189
582
928
773
869
1
507
34
102
923
222
704
27
672
100
700
741
721
275
543
513
144
779
131
247
386
374
956
1
532
362
779
521
955
950
182
425
134
704
947
52
153
172
75
871
793
2
672
598
318
201
628
872
683
695
201
847
615
169
955
577
912
347
41
38
757
429
362
39
295
288
108
119
635
837
721
688
903
301
102
387
77
950
16
646
225
796
453
371
987
441
950
121
514
483
372
970
567
134
145
509
723
334
1
894
685
766
970
362
819
748
327
638
225
311
937
476
837
929
99
1
955
387
951
115
780
286
195
77
187
201
673
767
558
524
400
531
362
151
58
1001
744
963
747
494
168
173
1
362
902
130
714
501
172
508
64
605
266
30
134
685
672
259
993
890
722
848
142
100
45
596
552
563
343
125
329
239
189
460
200
787
172
501
799
646
543
748
4
740
714
605
996
835
1003
767
823
729
894
172
872
574
492
902
440
278
554
199
729
301
425
710
425
228
367
894
587
780
627
63
28
384
440
121
258
618
427
652
853
76
372
881
600
473
798
266
776
409
752
15
897
501
96
448
256
837
819
900
367
702
796
702
784
741
967
229
757
388
902
159
254
198
153
260
447
254
266
293
55
328
251
282
476
470
559
266
574
301
213
947
756
401
96
596
365
448
593
578
136
861
160
634
865
372
283
197
102
824
588
559
77
381
418
872
837
258
574
106
216
748
902
213
704
752
484
130
574
1006
766
960
77
597
549
682
967
948
172
293
151
241
1
606
311
182
169
765
736
501
742
157
788
1
266
793
524
999
198
160
704
530
692
350
115
797
563
771
370
218
154
441
947
492
24
984
890
867
342
328
413
590
334
314
64
144
824
700
647
211
818
80
102
970
627
709
77
407
577
894
315
825
666
7
190
473
319
558
68
574
324
348
338
50
425
62
425
646
970
202
917
551
119
695
95
558
416
647
668
144
353
248
54
391
346
172
601
651
172
514
499
682
74
1
99
387
448
452
596
989
652
984
1
937
54
1
311
593
482
134
997
894
104
59
492
839
6
971
153
172
937
501
690
992
902
733
241
12
301
955
505
795
682
619
342
1005
517
24
364
957
834
283
289
600
71
9
574
492
780
134
361
97
201
758
847
210
816
881
153
153
529
794
481
156
256
794
25
501
8
54
996
327
1
192
308
590
676
666
916
1004
758
372
303
937
106
738
505
484
897
818
168
778
134
866
733
841
134
130
637
172
894
636
543
574
77
786
195
381
341
752
568
39
805
159
267
381
704
252
50
428
259
362
970
823
473
182
463
476
495
967
994
119
937
169
481
284
213
77
861
75
271
646
577
619
972
772
231
343
54
365
311
748
264
265
498
772
423
119
381
684
955
902
278
476
882
362
96
673
636
590
77
342
456
590
65
875
647
229
252
733
386
864
83
324
136
448
596
77
900
169
370
0
130
381
818
295
114
844
714
242
61
314
346
864
453
231
524
894
805
501
664
842
838
296
31
873
892
511
519
267
462
265
218
305
505
153
578
756
30
52
734
418
489
786
779
275
622
353
187
824
8
258
277
419
978
190
596
366
704
690
885
121
309
784
381
600
254
704
855
560
425
647
189
784
183
300
36
841
47
172
142
77
951
691
587
301
704
272
448
955
473
131
293
435
309
884
0
596
330
619
482
434
558
187
484
1002
558
49
1
17
932
324
354
345
315
153
877
408
529
447
81
113
520
406
741
232
670
399
789
987
838
985
213
150
299
688
49
704
340
621
843
844
20
425
653
690
572
452
852
600
885
216
362
685
501
602
341
766
102
478
501
115
495
865
340
854
932
1
213
802
861
596
894
115
957
422
258
505
68
76
69
904
493
483
552
44
493
102
448
266
83
813
852
213
520
780
932
315
766
66
305
54
107
172
78
977
179
18
692
400
366
753
311
225
153
842
172
256
426
955
956
784
796
955
101
128
627
685
153
77
83
342
125
182
949
970
577
997
476
947
265
93
162
434
704
900
685
272
765
600
1
910
766
929
842
156
51
970
320
872
652
425
960
353
6
165
372
993
649
539
486
903
1
558
782
107
381
386
151
685
994
577
42
334
330
597
748
524
375
513
441
30
4
170
457
918
697
588
802
815
970
704
730
983
121
360
386
729
834
831
477
894
698
704
209
95
529
293
172
897
164
576
660
115
342
572
134
598
216
349
7
434
508
930
740
788
68
92
1
386
121
733
400
99
961
454
68
172
429
514
314
646
341
672
569
894
419
467
685
1
818
61
900
859
17
252
134
418
346
818
207
590
153
47
114
672
486
796
303
201
301
305
457
504
94
619
786
977
525
916
612
995
522
189
191
926
962
29
533
201
543
661
476
144
529
201
467
250
305
381
121
525
543
423
278
372
377
367
289
11
517
662
30
43
959
757
104
894
651
752
468
201
461
112
558
643
783
235
294
967
533
49
917
36
182
543
489
353
258
85
68
72
558
115
286
961
381
652
819
286
381
752
469
786
847
362
993
672
786
69
608
172
999
837
258
743
448
786
220
425
529
577
20
42
805
847
191
381
166
264
119
627
968
596
274
514
794
628
1
786
875
42
448
106
513
323
970
918
916
566
827
955
610
266
423
641
22
45
619
68
16
948
758
606
449
108
457
197
467
470
514
355
266
419
49
49
370
388
788
201
685
28
536
505
252
980
121
264
120
628
894
235
66
607
1005
372
755
155
167
121
558
305
149
228
682
577
520
543
254
847
153
731
225
365
529
44
837
425
977
541
397
597
28
68
953
805
904
347
524
178
512
837
158
519
558
948
558
203
166
476
172
931
505
357
672
368
767
66
576
305
978
977
336
113
1
151
900
96
931
66
543
606
999
758
50
486
77
153
336
891
394
124
890
691
425
520
543
30
931
346
41
133
121
160
967
727
256
482
476
400
893
430
49
536
360
947
947
248
837
208
22
362
897
861
180
738
967
940
837
77
254
577
748
228
861
437
576
892
492
980
950
894
932
978
847
752
524
685
228
380
311
247
771
6
56
818
561
837
501
362
166
597
152
187
514
501
455
258
513
520
432
309
742
20
492
738
19
894
685
35
912
179
1006
141
381
346
468
647
625
688
947
463
937
627
378
590
367
229
47
254
704
36
816
39
213
235
6
970
447
796
930
588
851
1
672
758
153
35
235
301
447
266
459
24
682
837
39
651
786
449
701
400
99
820
729
486
805
596
994
672
596
334
632
258
194
958
688
536
341
476
920
152
102
418
189
145
916
555
223
448
227
676
297
287
465
96
103
923
811
358
894
603
81
172
797
653
45
236
653
574
847
102
297
378
311
425
476
543
466
514
492
814
562
362
989
890
369
423
486
957
856
889
574
733
866
852
324
63
531
251
295
937
266
884
85
509
172
1
762
425
837
967
252
112
343
543
742
42
897
568
920
616
134
7
759
229
933
576
709
824
740
955
381
984
914
690
1
286
805
543
81
346
505
853
175
780
598
357
672
311
837
201
584
324
653
248
188
505
266
235
647
493
424
596
324
939
482
818
372
49
799
44
235
696
486
799
845
493
703
121
806
463
585
124
49
252
425
646
333
87
460
894
892
859
902
862
275
733
632
254
153
49
254
197
425
847
384
76
997
460
517
587
894
824
372
30
37
311
733
644
690
335
574
134
423
834
193
791
68
784
275
505
244
919
594
579
121
596
77
842
890
685
448
630
467
142
659
272
625
738
212
659
388
467
381
848
579
539
158
569
1006
223
847
944
969
997
1
970
113
453
54
68
501
939
367
823
268
305
519
894
121
837
825
63
359
297
999
955
0
590
403
512
365
571
254
704
766
16
626
425
590
284
334
786
18
441
369
303
651
837
1
552
861
917
213
473
960
478
401
859
142
704
666
872
77
254
77
81
381
142
680
637
158
902
64
323
400
690
928
96
861
60
449
784
424
295
54
163
995
365
1
324
738
151
646
598
695
36
95
286
276
434
621
28
9
881
144
864
772
505
690
847
841
657
582
248
622
225
938
448
448
370
81
305
334
929
955
172
415
153
399
501
642
417
694
609
228
123
77
436
297
725
379
538
346
28
154
685
894
978
908
453
3
219
635
85
14
254
672
229
322
216
552
384
837
900
864
470
770
688
647
543
102
258
524
24
1
463
780
543
341
426
685
365
49
112
151
823
745
840
30
1006
106
106
146
824
909
671
749
248
973
367
77
99
179
685
24
595
387
379
343
825
588
613
394
704
400
399
341
476
47
715
951
121
188
172
142
666
158
338
130
41
215
556
598
771
309
731
788
695
509
381
49
569
322
942
524
625
970
947
721
501
558
972
486
272
533
802
1
381
418
752
812
120
796
211
769
524
115
704
365
195
430
626
900
844
600
290
295
76
1
95
600
894
1
66
11
163
848
416
558
256
292
756
475
886
663
107
121
313
746
955
153
805
95
46
476
558
383
334
875
172
38
483
591
36
256
377
384
262
904
338
805
134
49
358
1
831
36
96
213
172
311
159
289
34
733
970
938
805
742
658
542
272
817
942
690
672
613
550
365
226
768
28
68
625
629
362
380
216
201
576
36
239
862
651
77
265
664
970
343
996
334
489
577
803
797
978
461
107
859
387
134
292
430
900
121
786
28
284
186
647
690
1
977
160
970
787
533
387
384
400
155
228
543
514
201
870
780
44
373
88
346
514
893
279
425
651
43
119
958
240
219
1
557
890
746
818
916
134
257
258
182
688
658
513
163
738
255
907
266
0
172
349
647
529
159
672
704
766
948
937
145
690
599
381
569
751
937
890
969
814
64
587
189
904
36
154
748
197
947
257
590
577
99
425
346
834
372
649
123
841
638
476
872
12
153
896
636
128
894
796
919
951
445
874
388
873
365
543
429
555
7
653
854
105
704
577
823
759
372
295
805
894
953
271
331
305
448
959
635
900
150
709
134
