-325352784
-1036061800
-13038691675
-276170154
-3252493477
104562350
-2762075347
-5652648272
-1259806644
-566453854
-1180417282
-1676030296
-2406620487
125322439
-19441066
1106873312
-6764622820
-9353950036
775255363
-6543898338
-488919632
-1896296606
1034732604
1489670713
-3930823541
-3815291519
-262300965
9167514426
-4005018008
-453032347
7591313471
-2777883811
-504421067
5384934161
2502502829
17954035739
21378247840
8400153251
18803329162
30348258894
7613971529
18281085157
2583906763
43596804282
35837569917
11929874312
5499592628
2464069694
16655211428
28610502001
2056454961
53848434266
22827557007
2923287708
11055019729
5117120144
57879178516
36139212799
56380768211
199992160
6103946019
10162363340
16976564687
13941339767
2915527825
20845193997
20581712474
9245396518
44992318667
17636388542
24723515918
16942789490
22056173122
24556013347
396532258
6044067634
12118990724
52992311428
18143275239
1112221794
51472691846
47674646161
31320738142
16499623040
23444877741
88708390505
12026984342
113986534
18717080130
41206850260
18830202485
5059859577
60423267601
20366630918
3233531850
1365382120
1686634161
4375708915
9905788242
37499679520
29775680095
48657718047
46883868031
180587359
294668539
2055049239
-1123000261
11312994444
4497246841
10148711658
47610974295
70058542102
9124542292
6551543000
27532993014
45452303814
50006857708
944484165
14827527033
38218056194
7709825270
7956928368
14504590373
52513179447
-2332395295
8947250037
45393782031
14684189325
5969480159
23758223993
32812793297
5729582430
12671814886
383372693
9775030784
-553609984
6556483367
-689781695
5050873625
7712225799
2249897747
11350308173
39320885988
637969024
7654214568
-254554271
8635119730
29692670551
7782651894
8604047353
10385271829
39664186
2255069923
38495586198
3543285155
-304476363
38088867026
1140933213
679931651
1294754897
44380343710
420702363
30014963582
1861215166
-199967747
3017154101
12340688736
54974889305
117109104298
449590694
40028222072
-582672838
68062603834
56847320596
77326075067
-799377639
119043891766
43020497637
6510744856
38905997338
5196173928
99687303548
434629054
126389621884
6104755421
104091068940
78305393288
11686527687
55027642239
28891994144
18574396442
181605254926
174894564592
53072715752
27333267537
38167627374
13663363
4341183933
110660497885
48697433395
107242008944
25862651473
191424714929
1602149660
107319304926
148134152923
229022683418
118631456272
24899528061
117733850792
139172474185
177176050406
12437490516
81013074637
216191350
72500717698
19195960940
44752600806
88015233559
2431576381
174056890850
24151202972
31461835230
173806716419
83081666
47436215241
90934716193
2511017096
84003007825
13479562815
41483303599
155154926310
33949373862
96202438367
92307757356
8999229407
107646099799
16428457200
35464079009
234842870219
100925874284
35694609335
21687007875
133486859545
229717864898
8536689344
34509816371
14166059450
-62902021
54949016968
18389011483
8451696629
61347977264
43654557453
9165706434
65618894392
2932879401
30246821
178731683893
51459203704
1149688766
163716320819
10434390518
1311664321
64736171001
82766113250
28636437060
2860624696
59026746463
58702078272
92867626
61953634570
21047261478
7069559829
102295253277
25061836062
164058397
7783785101
140875808382
14764643966
2653295107
9291281351
83154136025
99546246669
4530663799
73810062864
120929794316
206154024966
118886497528
97761673198
72328312580
7879192263
58299893694
219917674026
114090265781
19921733177
123895702892
42973506694
101110140437
26908068901
45327875625
13138617877
86728333397
80580882473
11929639612
165036680804
8027665127
2338101780
104208310063
187603567718
81957816850
57072313304
62665843477
133293549579
240515925934
62316940736
27288686602
110418236118
266210852985
21575883197
45612429815
38694517983
4891454292
121876593901
25998115185
13565020278
65525613920
9173899261
4381829505
173248725549
72403548379
4537976555
176726532739
32157227190
43185671966
7232927153
10536995689
16059397350
194755610273
132728196950
64158933661
83130259345
16402134980
99552444085
138861253006
105707221963
148940528119
15770501021
231664944912
214018684724
992596510
176635551123
26831921724
1825695431
8813715397
4697512815
53195656533
50508062011
25180645035
117327370298
49676898464
100730450830
-189735691
275540096404
37656796007
230678294961
43085133433
80525488174
45330382683
23589019714
24100025072
22087736376
24522497255
48773016226
100371104156
32882107185
122084329628
76224520083
57878556913
156410657932
34255681429
84350856397
34027576085
4571715597
35560856546
28884861732
263685148398
63439142770
196762660222
9417253173
110716028131
46019619880
6043226374
27488662205
1926067709
47617505733
821480839
89371400662
31329166399
114782584423
65349272596
17146454602
79602027511
-3550694322
66806728951
5818467195
183280384
16709822271
109462437998
132098847206
14477801388
69739375071
19585017844
151383295550
23382830708
58699989976
30880092186
164677800045
81752757134
-11433759917
201966814413
2294777378
120395594811
167418804815
33300899952
11807671385
139875045516
-6461555714
138922093970
13598088176
105256486279
163524467877
166621558859
90327858857
152238665642
138212284222
53394596298
4162474475
18787060431
86476570268
2878023757
17235956567
137689948139
70745205209
19584098263
24681906097
727331043
42011673649
-6368996257
-5029077804
12767214360
10101189266
61554215519
119552428024
81908260162
1902112500
41453164484
96465893901
10903951200
45799723085
43953109046
84384618877
15850198367
23202322454
56379596264
11107910970
33772070174
29881126182
56481671010
-11624536
4299778
-23373546366
24902198438
35677929138
28630928266
34757443092
22402019812
15440851286
27437281687
31754860214
20725812441
27310598719
-4450853696
16962683577
17487821276
307110049
15748200383
27491563607
15278128755
3041113020
17866368696
18461678838
35914278347
11546954495
28001546729
31977671182
15467866950
12813513850
14994239959
16433850843
50993362263
52845983345
-20821820000
61974205840
12959075902
-18097322267
60937921050
1025212242
45309762065
29717823564
11717389598
1376160142
6033753496
54356320197
49812170888
28138255857
-631552978
35009158014
4352364
5164013169
23127275737
16559413472
29534811808
-17613335891
139026408
101058426324
63876210953
70362803129
122541799060
24934585984
85323283940
1215563424
10725644953
34585103145
6224789878
4550004705
100762038160
26041212645
32717489015
77594343221
42648940378
25987251168
29774466275
78588295650
36875766079
8268740851
101341339845
4068116923
24066922137
87169807474
15104428999
99514220154
6179218865
83234150
18326429574
3161070989
770065884
5595971840
20714835193
27026382790
100562767131
29997100097
117715189
77210053579
1431484124
111419232681
106407559711
19095528778
80686845772
1906545950
19883033409
3491158363
49694064457
-19192531955
49937336685
9232139196
92318428322
-714139987
12029861039
15686629964
17208019606
8563013080
58754680126
29536387711
67472637219
-12003204479
-7716355509
7653924809
30839785507
1204806999
68857558840
14258665167
41878216898
-35445790869
5839864075
16075255125
-9533521100
115551747602
6784686221
76172715908
-25554448590
27563967628
122987217467
28716137959
5622426117
29769669788
110366953867
56166966437
63403886832
138646696559
138993404169
69583081457
113459600282
31313807242
65696225372
13383491343
71829312453
46631623484
135648700190
44587767871
30184217706
163690141897
3728682883
57233010021
-49720231975
-12805052972
82464100797
-12692430869
48457361736
-4329047854
-9146348927
70155811613
5973036190
142403640483
77313785112
140635957345
-5711941815
62061252138
12300242214
-12511402285
11809688179
17761156983
529162758
124621158334
23056946041
61335586004
43657974844
-9890268190
9584276810
45613709390
-45443848403
62224087848
-3611454581
18067967224
130568490394
90087574210
-29960773298
9663034548
51112160058
4136414786
-1687277195
124629753104
110084659700
41337757775
32764621664
18136853736
168360767741
9285496424
170938446200
85313141864
78020687741
15146480
12820122624
3101139007
73893641222
3829508759
62318064580
12822250949
-61975910538
27394236197
-2279443135
87008945828
14017357214
71879713096
40765299952
87561577602
148298205070
50348092143
143272434747
580042095
87310325448
180281148186
78301337943
75377040645
5511502242
56178284471
191940251028
89313545489
-46309317031
15829192461
49261977635
183702069116
74540566405
52644307554
49698134551
-45909422316
15761501117
-24281128452
43101847053
15754244221
66434003168
-21558862856
1613922986
-26614184505
36445417211
-813836718
64030985551
2223378824
-34861750096
65829539276
-103931377955
48175064130
66502951177
281421368
-47592604183
-25332082174
-35177215021
131002896
4736844
3977750912
29185340497
24173075221
14047956478
91770789510
27548354597
-122163861124
8714809804
62759112741
30043949777
6519989450
15700115516
1710970156
102298741599
-42589757867
101565054460
-21595177414
-1076234444
-18021109682
-15017530372
-35633065239
-17824485250
101775737187
38789047626
-41135800384
16442161406
92735038104
-8880065638
4781604
4636658660
72733165323
-77753891014
105695559394
2132128699
-26932790584
83417694034
-87050611987
-1310024395
6944372391
45334649042
33361922772
7151379765
38651896781
112091988982
28050622457
66780511213
-46287167490
20872571822
-72151289249
399623
82015130295
321233207
-15305382811
184042009810
171956463958
128888888341
4943915092
50432980302
-76612406311
381770667
4823492365
-93588554274
-392519047
72707179181
30262717027
139822578780
8656958124
83853521669
69384400378
93281111046
102956144792
118620433478
18051032195
489444942
50407349140
-2842221131
88170420468
176599883699
78648836861
199151338103
-36686233873
71932952740
117956923970
181014055129
44279760040
114444459089
-475511750
168935227125
-57128925353
2567868378
2197355209
110206660519
-6555779945
57433253898
1194054812
46840010997
102879707479
97338441
12469932436
201394870736
464198061
119117164611
2301765070
111090151440
108570231143
35109765734
239395815835
116828764699
22954081964
41286543787
49875894379
66284510772
81252514417
9203197545
87143912472
121358780832
1714650754
72765142593
2459407749
50760464213
120002443547
225972428776
97190019390
62568023544
141796242620
11525112241
115192445673
51033521994
116542078764
78684503434
124526737180
232878981105
45704291126
6623274433
17240744429
56169110541
9075763701
50316601541
125615557589
63051298832
27474631218
44841367161
313196057126
153311676440
82559087857
34128830419
207511994861
220946013602
146819320297
40654455064
70294903000
210496023175
210433975388
-46245048292
22864919393
170509847641
11826118470
226647358717
23225124048
247265741451
7086417874
-43316305495
-22603961999
140078549971
180886238823
1511291231
72957838708
36489666154
68188841464
3626932380
244337371117
6109512546
177626804300
-437824421
256953172421
76446545374
244998376117
42463007477
297102922030
193297015254
19765044954
140271876418
64063726346
178616147131
39100557030
239489475374
52144485311
247588620039
181107817314
29316388454
309196033364
67329711004
114174406810
30879924797
33456482075
17019805979
141383945306
256740043621
7895772233
147187987764
115464656705
54638018712
60097464275
20138015885
130365011514
100398403072
186078427669
7383385390
-27819799423
144954120392
53689714221
2695842173
82210224794
90717103143
12975930192
43586678280
110058872774
-27118186936
314272710664
33725875551
1863942480
9956894124
109044697405
-34330281435
31873321021
2383245597
-37100373219
-3526056612
270991918476
13165101456
134789988674
301645609651
2164575881
323421860656
208732298874
99629902955
149844480698
-38359249322
28555176913
85989781117
148195473754
305528848223
60646587781
23921780643
157191663832
18636851775
187516674248
121074166206
113911131518
223676720969
91061970850
151561302318
305992683135
326215514944
807716361
1095462528
220941329445
5294513832
41427394189
5607391316
1380210334
17006547531
-81330517
22093546125
-8711796
14382194056
7319078120
163325685177
315460360587
21051319016
7800058462
-30248864851
269990467323
92573795498
223144069287
1760577949
9524792790
78420763741
104164004799
106945250973
201157277490
17045163158
4344721222
232718088189
78785315834
103743804465
136884744453
87537964524
-6109305178
242181235401
123780465746
193733989086
148165610657
27558664635
-3445733627
-3853920323
130266661550
117056655295
24203444452
667576371
37598942892
206881999987
13518403146
193331438572
9596051657
144633743531
12953907485
63171951894
191529296657
55481481571
-14323920814
80276147531
1649107426
-1052292062
121668910787
105414119700
83926158479
28202546349
194233682223
170231193803
-24580233481
45200308331
7061020881
95017170837
127117103426
95877424606
236261664312
82243425730
256312154531
233186300714
37083852753
91484278870
2524772882
40545690196
145092581245
82421786378
135023490417
29322774608
252060572800
79493173504
100441300781
19878834957
26158075532
103518389686
-22175185786
263405284906
47197957236
28102053622
295462405120
22427289129
-29314566477
114967342840
117864556048
-1411311901
19005066962
176525303624
62604261235
165542493525
136323903519
92532631871
121392210784
316995880489
75969507053
234372453622
3506226268
98037936145
280660637143
370226558365
138044070204
219705574672
61247435292
78585554604
176066443964
123860700134
112850741153
18412888838
126664327831
5074036112
44209949028
-18221366422
-10687596432
112201669423
27683164358
-1539283223
318910963594
-17935919860
-5159028508
98593798914
268961098079
-22375213073
1936137488
48447602396
119374854225
110410644167
-648371212
229612370463
232788017674
80620753008
160985713901
2115796680
27077147733
215605090375
105683064433
25175538105
153349644221
102439194906
43206581307
154644943591
299212604444
160543875918
114187959568
5330012779
244549439851
209623580919
17073154860
183023551564
56374214318
66412013334
124198805730
106119209504
143153736573
88446781388
123502164873
63058717359
43252943361
54018453700
10865088264
171896717908
123521593179
530481874
49638850918
271028147
648369054
37399689065
115316456233
9897846892
-785139030
66156105415
136724995535
113763350955
93328481306
13588233788
823643680
7872457807
55482555253
243040195415
218867141630
147612863073
170828103879
124540835276
21018383853
76716009066
101352317646
-21215521299
42669494812
10805227236
62562582700
243889827282
19694241915
54995282635
191307979900
-27028793426
11053111145
60678226380
123945518358
150191118102
80772191586
12507184023
222070331045
90506992614
34246203280
178718856462
65652818894
198640886750
195927914223
26211066359
13179539432
8824079768
-25987529988
179459402772
190045483364
112389399963
204390578295
12125286981
45818407507
8297085281
-4452785738
169227379456
14948445425
-7919972670
21935281509
228594020688
135236660169
73110140327
1690496066
78057303387
797213095
62925440421
67775949540
242719332318
19942899475
224007647921
28327972904
238334402010
60622026339
24521468865
4898582429
142480329121
103235957140
134039123459
147558312869
6254112803
7529380367
220231230
-54717978
240373457714
-13655450514
367948302
76000478294
24542072535
145980836624
69458783158
101482399263
156484082161
101790120912
88381464390
256669379420
19838713531
294320076525
278295100469
7934866388
128072256453
10131601895
40623863489
95248236748
17032712246
183908781193
187196545552
130226575052
35770502838
212611076452
11270213129
1387323066
79913439520
40885715571
243912821549
238678373872
68379258280
154661744296
294609325416
154831160533
262824531793
45346143178
149771350352
18737338755
212265177815
15342678790
-5496780265
136725857335
286765614407
1944091620
1118688477
22092726319
26877183534
239386688189
-8585961115
114388416472
248478743909
118329291441
43204022544
20873536443
23962799160
109315480586
42696426382
30953025711
224994416414
9944047458
306202729010
-3471302799
25774558903
79696568563
19159398005
-26821469267
283031066472
-4178399728
18029789437
16611923712
100855318234
54147765265
39350147568
38044708288
20778776660
7608545112
45877319397
242695284931
15960014907
277586502392
168644433837
116548898907
86282467178
-18290407741
10519333708
248016904167
-816488279
155003434658
96728995845
134709140773
112023316320
85503973471
-6031285324
44427678482
13466327859
-585696843
174903456340
281554897514
249278162348
5291857976
-5965376776
15980401528
17539923941
204214292898
9061718649
40344404532
55082708529
295282928908
219145072073
-8983982149
237545096805
137943706689
112273614428
11222757707
2161731458
180932835233
-19269190685
-30689114296
123976735069
76363547411
77008975949
82797250988
1102988469
11308332994
-44343017867
243431586951
38324000185
83934064468
298465742407
52869627914
10628283887
-3809915385
-2382761656
188065033698
230525378141
20232849858
-10222335000
-35578537902
10979138964
1573122423
-8967898399
26599293575
50273655458
218767015469
-13123921593
82655038992
228598314376
-21360979981
-32164736304
-17266540382
-73599491370
-32763631368
182365364470
101935006981
11238663411
52073307074
50708034409
7121006932
-37876583142
5067551095
-63876894207
-33988718524
-4784680371
621382835
89211520412
27652314659
-6007042066
-19933754421
63042993939
8784665899
-16495212750
212634680496
9364081819
4729943945
19704814192
47042630796
-39454156010
44950729099
111942739468
89636487407
39585179145
77698892272
224919900466
3332540912
95237116740
-125391580267
-110259157569
84790941346
-20391622681
28151451243
33273080252
-18749804787
-34998016463
-11278892471
133890990397
133131846055
68514767544
8928794930
6498577313
-53379510763
204734243780
-32282721361
28923492344
2762817404
54127941766
121718010060
54747336900
5453423699
20558521592
28016290643
89182085184
418059274
406729631
-8599608
-19077160076
69436365256
-59839664817
210451375329
115875394503
49101400419
9412531993
45777491275
-80853721629
47318225593
185290125997
18280356183
188997925921
90331877506
4803873952
136908389425
28474495937
50908581749
-28584674681
33974318329
76735477571
27535177370
94699115896
18676305308
36133489951
106111829360
9181092827
-56041749
178442325101
44402774067
78913789139
114713372348
63024846880
-128999367389
4657129068
2711388654
161814610674
-169149991559
18556355927
-96135555106
207199741636
1232639133
14304676794
41194186280
-83515670863
34423104143
65936910240
162789251906
2920449658
5792211
28314841709
-148272779347
6204930193
73399163403
98194934690
3098505570
134835081750
8907263180
-80944338
-18664036563
96278941104
-17590178878
-46384803913
145625988562
9749963363
1116627988
-94127072084
59208131633
-81328654212
24817888449
29822297796
37740376919
-119438180777
30673130939
79414136745
-12965523126
11147082195
25312040517
125627710364
-127585010857
130342040222
-88047145362
-81441182884
18548216767
8286155348
26747131837
2811930285
986057815
-73081663763
110917084532
2046575779
-14239816713
-139734962941
21809856558
147392882045
-103236454248
18086047013
10084434246
-98652688775
-20685375273
108073982801
-98459070896
216859169318
97839338531
4006654548
92580398154
7089338781
214064496031
972523896
-59516535970
30020460290
47848210145
18692177494
58594643781
39272988754
80852693337
228874697697
125054257471
60902482538
67520040607
158092265345
165258712544
192968280078
32057978761
10326657911
173670247723
-76898641319
22558322377
63751406875
-18492004253
11367869226
35062762111
79484567969
109649208950
69482131960
51328851866
24497518110
158272174254
-111774932195
5265068571
1234380736
137767713416
-156179618294
102975202396
49114079887
12188278224
35334153456
23955875690
59016914172
20695544297
3249743245
129686926982
-28425219840
17776434493
44055148977
-57650483746
23324852557
62459208874
132697860689
10783545636
-88324986488
-47566563401
-110842412632
6684794753
52992544131
51062589319
37288744908
-1110750687
-62495561758
-38711925919
73120614134
-222872568264
263499933400
23631187014
29718397116
150234016043
133619930098
-180148067659
105906172175
53483270610
223337574560
72473427658
93781957912
2106454411
595074753
-2850701549
6634184914
124176551992
-14335240689
12203278253
315136469
22737560690
202258371123
-230699492
-4395203607
-27141648680
167898290866
7367821899
165771581015
127444097869
16072056813
195845314031
14390553960
70483458072
169108502629
18811224221
-37701729418
153106430586
179945657882
-158729211131
40530406937
-195388580859
167575436455
158694518980
-182023763270
169589159080
-202462772366
222050456667
-162246221777
27201914263
19157694411
70166669667
68822775955
148611517029
207285623273
-29552530778
258697351999
12747887761
44883919822
168920839069
59377640449
35516005863
-60409034238
54634178173
8620847055
70791048578
202334619065
86524083882
72841198822
358290922
8381986860
27783601738
-82633384489
-111696967001
-152563462410
9679489155
116484430376
141546884810
-2743989197
190183401109
81816138370
155311896775
4906328229
190392890325
211437609325
172831444238
101189986453
94834876263
-34702453121
28497654551
-82275231825
156411356081
187874020700
78860005319
-104504488094
81584998890
19933275376
7841731940
31515717340
26791887353
2189123805
-3648303990
-140856993715
-12190042089
-64528923417
16068197123
2374682658
2447875985
28062197929
21282905123
54039824947
249066512485
-92419779129
128894640035
43789703749
-104289373731
-2424925214
21931948203
32260461031
50335013461
-68440369024
174063919748
111693817750
154953022565
46641683646
109701578567
143138199527
-27748708252
42564401210
214833061375
-163367470140
-136977106018
-4507352362
4680998624
182098686165
25600416986
29016424917
-71362724
83273759795
173589277131
-68100108
25482261489
60253430731
89051872448
131871663065
-27860603138
35414944659
34203903362
50825183376
-60339782403
143779491286
156468363920
-105481356474
25361051634
-49577020024
-38660076529
76140060131
-44187629712
-152412794695
93063147804
245566697856
213872013865
51688959011
71215436812
-68852701020
187528217112
-109121105221
25456067099
-99889884445
94031394941
140735188905
107360884730
-90349443
22865540488
89405358885
36781827296
19428749596
16463525391
-935676716
160158894758
208672444966
77707359573
50987353405
-45055649319
161505753579
65709762500
128573360378
26310561380
17697828204
-65723108951
106264623053
38148787805
147530526388
-30453503075
-95420653567
10054527561
46253577727
-17075848772
105767342
119587889455
2541662835
4120527075
-111356885429
-114336510324
169290224670
-113852572544
-15012791707
-109984325639
47658719752
54078615361
45195177691
7775298977
18148457192
-131928259781
-123766660136
-72237338420
64372636402
-56770534730
138998749705
-106167262121
5242533357
30385253285
-191679027358
17939176729
20074072896
5352408366
16544230688
67035583594
-176269023274
166572073012
-107986883411
-8064310389
20261382368
43326100235
175555957475
-121357068406
66722879571
-122766028678
33216612156
114033994372
85695152814
-15259559587
-250551521218
139938893124
1137376833
-179639385166
176577994307
-113323691680
9440623235
-93895147217
35777592160
80709636082
52304571072
-11034053090
-24940545448
-16468220037
35546718990
24926654075
75764779754
-71509392408
76693279582
8788913630
36042151332
75217351981
44470039045
46483601882
-109221227807
-72117498963
-7451305323
-63815950974
-557047115
161797285647
77055081398
-152964607558
13224168572
-6184138763
141206222239
-106344118152
-188638954813
-214693183866
24713714649
25899149058
151556575375
48876392773
-108706696427
89718186323
59213966334
150329119852
43356337151
10516983320
-138464367470
-196069658201
-8790819530
147795634148
-101549227150
84862291319
-19644523286
-157140552478
167553732545
-88202956789
12874421699
28633874372
151150255595
-121795541257
-45547443364
-185959321863
73105479367
-30333805320
4690370384
3222793168
-27293957002
-44888380881
20914306057
46255390734
-17336147143
-1231333041
-83149181971
12369561027
11516656185
-200350758756
-5924148908
37330693301
-219770160728
-49163419352
98214991966
16862591380
206878716202
4027824459
-91234204630
75587944703
-22837293338
-173124884129
-20614673375
-104812044019
128464412405
32354432289
15732176633
167305563881
34555419848
-167743969224
-30529224941
33024817848
-57941942227
72532378685
-132787260861
61014947727
160129341974
-164012705439
9414994540
201023884628
46058324131
1484703108
1423777890
-11612645274
-104987992557
-46535815636
203193730165
14150870462
30279885574
65666277383
33665300243
-184852835759
-109155877953
1825064210
7419909225
-244718417051
81791223283
5411074320
145822460866
112390272739
-106235965130
-68951469996
34806098093
-93061084571
-96035064126
18898192275
-27927996124
-18783408329
114738021610
-202485163565
39447793110
39093670121
-85930588127
186676787562
22277782373
7503955486
6671452279
119167035063
-130523547120
-73730453317
-75730484556
-195449578537
-120226653236
-7528993231
139758604590
1009655577
19763678626
217164408
-51223267796
4263576928
-32079727191
134246231056
38179077691
120307990754
108552431639
-6642135148
-81210487541
-216837686903
131097563524
-109149015996
-181032929223
90558451241
106348209511
64675299303
60765493078
-270429910111
3789215455
-145353462633
-225833844898
-322782300144
-20651578732
26975701303
36650028166
-167336892615
-143138467916
-322732370835
-102229743428
113216349905
6806030355
20707638983
-32484135796
-16431412803
-192976828068
38618904047
-123673202757
56817315872
-79527535254
-383580658553
-255942980766
-254370629474
43874958994
-230414370338
-41402782537
-158828969752
-39350752976
-42291506782
152012000295
33214239938
-3849896913
108082572679
-242174961237
75726006141
-277316416805
31376201788
-247488923565
-4441220741
35460559573
22838587357
14869488750
52419444651
-67147412689
-45169430407
-80612960306
-17427511456
17216579795
-210555948430
4100000398
-173352324254
-22605716616
113319758507
3475352710
10140436279
-113423830912
-48145100339
-71687894609
-326563197404
31679935096
4660338302
-306541971771
-335887650
-100661701974
144550387376
-218626030912
-989936893
-33856373604
-65779847863
-35661131018
-292922968085
79739488162
-99851326047
-196944907226
1331404650
122589663278
45323273507
-3574960286
32668321879
143173920718
-134468709588
-227588735778
-3771783167
62705789621
-70134310748
-327199453815
-71497838122
-43666793881
53413537135
-230369603955
66053412733
-123033819707
-544000057
83751242564
-58305681732
-245674194100
122357578308
28233579734
-199535605104
25236249304
-235374943841
-137936727853
-34436221917
-137570963902
-51306518
55624690529
101870904536
-82343214977
-326017900719
87195472307
-16118712196
27672863639
-70018132984
-232639499599
-251871638218
-31659431364
26631625838
41541700124
-148645596571
53378296956
120148778450
-32793383670
-206639761590
-191742417352
-99825737299
-163661773967
-132143256157
-239722425036
-117292198655
150452449837
-128862819251
-97954920934
18680654838
-279200300907
4328122941
29505857559
472600401
-85368644331
-121052700069
28663498027
58976234721
-143978610734
-11540564317
-22904708658
-76818170456
123458588137
-9805576370
-173514883043
-63764796746
-232308958836
-35077866659
17060368255
7904012931
-127603442559
-224596714905
76311312488
-144326965345
49305078254
8597684112
23056152430
51568576832
95088346343
50096789000
-54676045100
-62720633642
82499211232
-234726237999
-116148503668
-20197945603
-162500977579
-306613396702
-220109061217
-149195102151
-245798654570
53736271110
-112700463762
-196402087827
-152904091041
-269451054818
-97162774609
126790610153
-23711129019
55250997484
14097726065
-201064979425
-61389895566
-130036405490
-299288173126
-26085378723
-65456595327
-25809586914
-98639173197
36770252315
-248361630265
96998587106
28216274942
70018195725
50104862043
17408552306
-40212888849
39239457937
-118283432749
-188171668055
53163126878
66060771019
-137019621636
18581742316
-2226183845
239297702
43263987667
65172929510
-108739142692
-44046007368
-92871174086
23158218366
-150090060966
-11089715399
-252018935842
-138010771679
-224704645796
-152579730862
49129229807
-23307894119
-8448635983
-71817716181
71291312423
-9466213228
45802560974
-70990438440
96723878494
-195192782922
-339871744275
87141567256
90620604034
-64104662525
-102089687744
1616395243
-16398430952
18778038957
79348306506
-177112403862
-82918022126
-111989748023
-192366426280
-21299627654
-258982285972
-84673267604
-120935305800
-244745994254
98248156588
-258022458757
18627626678
-327831708318
-204945630910
-17517636609
-147647749634
60026694696
14987699953
-190047118624
-90567325636
-353384209445
-13214196711
-341797026851
-61377941905
-18096401529
7373171008
-220767301445
76336437678
-243932596128
-226839566794
-109569669750
-163121578923
-160981209
94155978698
-395544806
23641975054
-273164528769
16069569513
-108082350194
-59948059161
42233738886
-68532902132
66730998488
-114560686806
25844707857
-139331683181
-262793442618
-151009313435
-74419211089
21602716249
-46564486184
107562637614
-268569195675
-58188038280
-22972980540
47246814533
-209786999070
-32757891421
-27342562265
-100654808773
-122068427576
-232782564570
-44744212691
-204335676326
37514864142
-38820537575
63385206124
-129422038
-1248985635
-150694128228
-75134700941
577334119
-16731770903
99831819192
-24243759126
-90892455317
29272744260
72820948223
4255466602
-229486378715
-6352486282
-271058293030
-90855813327
-200486335608
747950663
-60593317003
18675576334
-71755919369
-147460280931
9765602691
-26725210836
31454636567
5290095892
-64469969671
92998968423
3986470616
2314161402
1014364913
1006751292
-111075964716
54031692052
-134399012166
-195493825223
51702574648
-162630924453
26658440396
31866794707
24588488756
31889554581
33931438250
-144982855716
151862074096
-142749322014
5513653337
928832398
8657503052
-14935733097
14845268652
-8230728999
141093702287
-31322976273
799817047
-20979966711
-197709154049
50787405355
9838532279
38001882755
75162004656
-30568947871
1557484357
-240852744255
41149421185
-127487636167
-5101460054
24603113962
106949194937
6580376978
-73616948518
588131957
101638056666
-79169983826
49801039585
15144389676
13561690596
-149657924901
10275199910
1049874193
-52869900405
3299777475
-9828369682
78717310754
49998860164
11760723
36606918018
20701429828
-53435221745
4297729200
-112632951318
-100351836700
-69210355148
-32184019359
102066562019
96375245292
66034520757
6919925205
167497492366
-84349542952
39362520964
50012447191
-211653045905
853435035
-13359377755
23515080454
83025156836
19829629351
7128593007
-1072895093
-136467247082
23498583238
3742197521
3859909267
-14072760710
-68942395623
31459904499
-171402855345
-33228581216
2314672579
27895261067
51042356109
-212595041394
-31070056742
-106761487195
412398713
127878614738
-36830199411
108974027393
87987956327
1564947502
1555354232
-205181934691
48829954797
-4787153387
90920260414
-5359327324
764392932
-59325730993
-91633648065
34886181638
188939118
-152383750054
-116278258254
26258325451
25512679805
67839826808
48260941
69393325131
1639840527
85447919190
57027888540
6197848500
19232821408
80648371656
-47462111507
51777491480
45357259717
-209256728542
87704370230
21812007731
-82670298127
-240752633250
44516584495
-222715494461
74471406012
110034971068
-92962667539
26658915006
14364415615
17857331273
-53389549549
32075919506
-90037510396
106209925511
4819456048
66721541844
-158767404499
20851885764
65427159724
-119817569307
29673597988
-14231790820
-14208882878
-3794155037
118242257129
-81776111991
-112885547044
-65022554915
-19272344448
-28563427101
56445214894
123409111436
71849053615
-117396103078
117418570792
65913328865
-104046310289
18643637976
150745854238
128629695504
-51241752849
-101604318406
39491848380
-131517723776
99306390431
40227844559
110150255860
-85589435
1312568217
-15866789747
21017487627
-40100190055
38602109359
-107854479885
-203351378296
45970424877
-95165685574
45575543179
-130600158956
73522099185
-162984876830
12671780685
37744360387
-122908379982
-57044418567
-201169545661
-79629540259
64501807026
-103078290544
-115121357393
-18883613453
-37106843519
-11917383942
-126696925479
-55025790779
2992148305
69255532383
-23633141918
16921931382
-2869560699
-7319446064
-1055357850
-154505975130
806443594
-5153079546
77054664299
16522021194
7115424448
-96171917098
-185450196071
-221407197538
666755934
-137093682911
65237097953
29903869228
257294282
-80472464469
-1509864958
45324472539
20940751702
-61609999951
-130940971177
-79196709701
23154987449
-91870125889
-11616177514
-13368777817
-60777487481
136403235765
13075784275
1769394555
-18797674661
-30119728218
-71596404815
26519576016
-7782544237
-46126448091
-129526390418
-25545266529
53262898709
-17939289966
-9483118926
38459683131
-136338320559
39161098699
-550417657
-83070837115
40700592205
54626921730
-25408144569
-103160593260
-160223681021
-27267068798
-18210751075
75121437074
17584347102
7314538448
125585675766
-23819223917
-23314850567
-5457008956
16890571834
-189081492107
-185208810765
-49617448917
21375664916
44066010051
-119641291201
-37578291623
-47806773113
128861398647
-32447081148
102157836679
-92175686812
74190806112
-45073814129
-43350500810
-72997440806
-24090330077
-192433569269
-18276002874
-9608387400
99213580277
-11298481284
95653401100
69185893783
32541477539
-187292652386
-3305577550
-11232636321
49108404628
-2181212043
19657214547
-79186786540
47598993270
-5935405780
-1204882153
30933103345
-79111486268
-63988343292
-197219182779
164318990548
-52481092223
-71483903796
7509592866
-91626409643
-11394951547
-43850595674
-46249470455
-142180182745
132886847372
315469302
-48705550148
-13045915452
-232124284702
-135352325747
6394356339
-114768001891
-40207057195
-138640434377
-104991239123
-134815263997
-27953545304
6569314311
26724192222
50364917572
-8818143748
-28152857859
10861268398
-46358678080
-274360516295
-80547499465
165003477156
14667488237
7188038159
-155279384618
35430104385
17287489593
-183343985905
41805185007
-225657265878
-79529863165
-41197454643
4190400087
9778981234
113878150697
10817313107
-70246432637
46055495143
-72462411929
101802953965
15437309422
-39415958442
94100132131
-67708640943
62476466817
118428068564
1041565964
75777300758
5920280510
51609554153
-74217318577
-80325189611
-22784656521
37006182468
100778176012
-251446940191
3845300658
-125422788413
-99631173773
10331795994
-7678508691
73201379883
-90194496480
-174698601946
-67032961888
-83208014044
-5120454646
16841566487
-21062480340
-148015034085
745808661
55849714879
155394739136
-90560513420
77610454
57930563
160313916051
58769154871
-3784536638
5728838657
249869553
-184380110182
-238991552565
86654887799
-150216800724
-12415642498
-7559665353
-88408340057
112706767438
72215215186
-48068991427
-46797173605
-113424258758
77973882560
-129427260636
5975580029
-95555803747
33918277504
-194242992393
6077209043
7561302748
700838560
136687209259
275291175
88759069818
-4340552364
182297226825
-42628839050
85978331334
-6603531838
-29122384012
-57792956399
-94971938872
24329586110
-21422667813
-177443923557
-61692726982
-51096838273
-2738550433
77387201608
-299752498543
128087705732
140451004273
-4481096729
-105515394541
-322220234248
-2805660515
-241942156623
65906446371
1064996866
48816335223
45448979620
13771088677
-121011964507
-15041956399
35323658368
-125896963332
45598975601
-230071280642
38241429345
-101219263817
146887911812
116457292355
-214881328598
-37845992460
122427964737
89834088731
-58411264707
-215949295616
-30400920466
148231260813
52378258368
-241868391702
-240555514604
35793472548
-267213887431
2908060114
51561551670
-408442018334
-243133211536
92093696198
-158692046385
-2851426679
21223913383
56210454821
-283602059353
-542194771
78874108025
-112224707003
-392228507109
30917913903
-191086227381
133205941517
-207064964812
-217563400700
52785123862
46609428296
-176438163070
-2394133993
28128520754
-340394361794
-143949114653
-15574238216
-312505332421
-99555385457
21336434016
-1287688571
-1712320904
-76235466395
54402910985
-185726579003
-12878312934
130176959703
-71341411043
12824357099
107111239782
-153835486683
68783055981
-77882349475
-150808205620
76684706861
52480888052
-72595845661
-409594137796
-108553795419
-25698855936
-425496507995
73345769151
-20446300265
-17536025648
-120450106975
-11967766701
20871221759
24926551818
-20208547218
-236664804318
13815687651
42784496330
-92503784082
9868111150
-4237585162
-74959454087
-24534733257
11566206672
-264448425377
222596128
-28737035507
71175225550
-40025440020
31423022124
86164658592
49356507229
127330609485
-63320470964
-305917878723
-352574778337
-17691465896
-103933926272
-87772962224
67991672404
-29698760278
-267426626520
-82385537846
95779285713
-36246073102
43125693354
-24371240218
97237993063
-209589291833
-45168887950
3402458300
-277797348678
-40242603077
-55010549254
-3380928711
-140372170885
61720326684
5765169410
53096693800
135195183666
-149236809860
9798726885
15321477847
-67111524143
-100431957481
16107974973
-307910426152
37770540910
-196845343555
-354617413695
-22401097148
22950837025
-370785861630
37965954885
-189263312682
57874850
-315753311400
92755790655
-34806700881
25969746669
-217401248927
64992972314
15481041220
-176024193388
-24086566643
43090684979
-111306337602
-196406260571
112384132375
-262682464701
-201351175584
-394771251033
-102565377253
-31970203796
-273270432967
-628620283
34736063311
-32982975760
-86608120429
42920202532
-154619593492
-390266401508
-114076061282
-288174853556
77047950466
34019213741
-189641571919
74617770624
41406546736
-146355261364
-28726060953
-258182522084
17884639839
116668393085
-208746986079
61116569801
58635983420
-39863052614
-43113896090
-3036098092
-149960116013
26226053646
-26470928732
52169518433
-28016048051
6622605597
118531495635
-121237487445
-17563387219
68410727894
98611203855
-419731763770
-231958392089
-308835040988
-37540141168
-198287208343
-245395482159
-295629910940
-137610085279
-93196219125
123290453707
42810284573
63446742098
108112360039
35549073415
-106920182132
82519149031
-242044224739
2065311393
-390077905802
115775488056
103715603238
-110738288779
-306921754884
26607000882
56167983645
22753040876
69673908176
-359691886057
-166402448340
-364568883842
108283980435
-190486326507
14744004902
-306475732482
58968588842
-274800446803
-4581533706
35769822201
87023505150
2260256517
119790665835
4067033091
-15718712137
-211000426058
23567285392
-43507809073
58060987106
-102932161287
-321821548912
113907080227
24799377269
-141091758155
-337860091052
-136512783542
65250570931
-201055445606
16104862077
56068773994
-169602654525
-21020015182
-191722001655
-279259589374
-237701297418
-294383585370
-31412641393
51727529629
-400888974150
116139170280
-352461826044
-14892614931
-140316653043
-83034524636
-387357443308
38917724271
-408893766178
-10194364757
-198841434512
-334410936620
-36590980616
-151296698141
52696226605
641150432
-324732329202
-22095924582
-371610063554
118705084681
-243053422459
42737019900
32074596053
-13210392758
-484828826867
-334083214685
-28673515433
-29315866164
-216611470861
-421360600495
-1049825677
-255935983378
-300002136937
-19039320189
-429056104893
1797725286
120524958903
81498041437
14893913815
-13931394074
-12484720756
-158395528755
-106687377682
58874519586
-55139681486
-111496083991
-113418185545
16875827159
27932352315
-116698184520
-172740108799
-60678232030
25847142791
77784739529
79318625612
39683594280
-213204174517
794795865
-260150066697
-99987342422
455973069
7455170985
54276688825
-171353943267
493602270
88485698826
-137158807520
4384353224
-423926030369
-332684554730
-11597259617
50404650561
66085883166
134734214739
84077414891
-31781657136
-217952067522
17218836847
20504602262
-150462062377
28241977469
-240656044524
53939415506
24732645834
117786481939
-27436416447
-20610941145
-327277190902
-210178071311
50544260375
-382767046398
28317142900
39866795656
-166016165502
-349913527234
-17486220795
60850991988
-232955354985
-280256315144
3852411885
134473250130
-460964901195
43404111
15894133405
-138807681401
44576402316
-98513068522
10826251294
25269353836
-354574272825
54489400164
-520047681
-166003090681
-453058518229
-68649128796
-326720278354
-160119444006
1421526259
47734663098
-79346681781
-186760016012
-179087456047
-20253138456
103087374762
-124794179693
-452809806620
96737684036
63483695530
20156043456
-112545683886
-5334260496
-312208139528
6229558836
-326536939777
-206038343361
-6361990342
10163935056
-145833662534
-105853965481
36177685845
-341087682032
68824325960
-14316337497
-75187523504
-79257405761
-313554344073
-278763974548
-169498772303
42214219694
-192077060837
-157201754247
-8972482324
-20340901415
-74488587938
-256493093519
-214749097636
-2388615868
-226973324439
-324320128322
-18878857145
-265852813832
-11652534648
-178138134141
105599542696
14782601987
-58104826808
65515656951
-126494463877
68155125126
-18837309357
-403118584381
6615623128
76944339455
-521978078173
-2440637263
1391407992
-208788189079
133894715
-58961240588
-72963770675
75875523378
-150071824574
42248452276
-466397693105
524305695
-146079189909
21311678397
-365951617188
-383114058120
-508359016466
44378400610
5531147576
-7314218282
-375240632085
52221265195
-140935743596
-44333482418
35347564192
-144080829372
-89950790953
-8731971897
-38285689926
-140495343328
-389918975821
-62602327162
76747856997
-44316233799
-170203619724
-182744254663
-353302926386
61408388286
85323598216
-174018421659
24707580902
-199716350127
-474440300501
-4422887418
-230230210147
-203086009047
-70705151352
-344787563500
57592927820
-653476050220
-758815357833
6186854774
80994291836
-11950608526
51946880347
-237060209626
-16443629266
-427429544924
-1118311753
-117123962678
49966147828
111210169575
-69341381550
108690254847
-12782876875
-86311978088
-503945786647
82761382074
-368308969796
-540786998128
10625342844
-36678383283
-184004510408
6296790632
-248270010639
8395462565
-243175792910
-742863205807
-98283265436
19646636575
-21953205649
-617220438514
-43724616906
-393704245983
-227843710299
6277133722
-75570764287
-316857247144
-6024127794
-18629899054
57719197639
-73874585258
-325113202280
579481489
80227514071
-71950725854
-253799223719
-36866777437
-15382558389
14305604668
1940140634
-1506065557
-326041778255
72040899538
58748141415
-106890524505
-38036222198
56672482750
40267241475
-461159436323
-56531913658
32023767124
-27222536547
8019999002
55901005416
-112064649952
-356442081
40677865482
2065518917
-365845393301
-143808979434
-112636706415
36972256249
68767493875
-691306286506
-354994003752
-495941560462
2415120211
1226703595
11826337656
41457082562
-569141718019
-86890684425
-72935954418
-251006193836
11517368137
-494499318575
30446130852
-472444713778
-90770674073
76813405759
-29043781516
42086666481
73448105646
7421595051
-284570786
-100457864355
-148933523160
34701062905
-25881440028
-355872254696
-254365576717
-576181822616
-280082704905
-82890417644
-213958255704
5361710855
-456830828823
-13445701133
-168564739565
-130617956924
-528059020783
-219420214226
-608724056645
27730842751
-460054519698
-89813506857
1613546006
-65514268173
-334897701231
-443484240807
-75877483272
60852886552
-9890344174
-230052061326
-43767175567
-154613790817
-337247544309
-205888817722
-481177138876
30261128966
232184159
-589780486942
94438186061
-634698638644
-334144495340
-325825423228
-527504566368
-40576573908
-260880313650
-540124372840
-1472721208
-110193701788
-68019191528
-74925301662
-393241621743
-191956647648
-116562550414
43231919443
111370516788
-537732208583
-250490342240
-101045261210
-747707511907
-691769550252
30313865643
25747851473
9206570470
-656829334440
-37338693827
-94848962573
-25434071429
28795937255
69386283787
-123733839306
-514208128610
80155494701
96651758699
-69247947565
-366999179499
32446862053
-571712824803
-73489163698
-341340119115
-45457041517
-312060785393
-191949377179
-348796439242
-363803131261
-469354346790
-308844131493
16822986928
-63542852105
47669621010
-64952737862
-460348745918
-15738435197
-534054327127
-219875583570
-41634080861
-302398391434
50424207895
-12863958583
3117179722
113197463900
72326794708
-131668552224
-289882702087
13130038532
-427219712830
26129446221
91129162648
104218031532
-122729194170
-101823727147
-22553513165
77026600228
-301026545925
-114720720315
14105382609
-80706184753
-180907860391
46959434962
-137535776678
-279511824699
36723983901
-135382053809
-67511575263
-274745574437
15723121689
7376910185
-203283185235
20243137266
-525753871320
57633453537
-175370312396
-257250349263
-456629624347
-20291658742
-73950611580
-80591978570
-249847183546
-532624300321
-6266854902
-74912180854
-88565429628
-41904063424
54972874295
89965054290
-569692640242
-19138901885
-63000178716
-38595410561
-342626320290
-82575834339
-281394838629
32859746554
-100139124
-213297403711
14745188249
18863123399
-88416753029
-301020068081
-7757344484
-263605042695
-562128183767
110214140902
62133314037
66593927445
-28715360463
-88865780304
78246222090
-143124469478
-260788435
99108871458
-534553321355
13029144783
-625854388225
-388479065837
54887486008
-452840947176
76145940235
-170288278095
-62434010688
-7830940018
-42458074923
-484436318238
-87170159355
55193378953
-72991431109
-235847472070
-312391501315
71204519023
-620586531491
7037214381
-343865638787
19490608425
-92174920832
25863505770
76789263723
-31324755708
-20786823274
142455575876
-422457120248
-719707549887
-538255513152
-296359602415
16542757055
-96880531459
140521004972
-106289527169
-575715458208
-665519926481
34459431
-60862379177
-386351446774
-320782757550
-83181044588
-220487935416
53802062362
-28107098242
27372103617
141931372485
-27443532694
-243441931082
-745628732708
-181385255040
-305554679812
63938001880
84620924869
-630195503199
110523930983
2359483546
-3239179816
-392414653448
-136362371786
8136194567
98576390813
39911462205
-477198506950
-363848865411
-9653719586
52347189566
-147185195910
-403004239395
151875853245
-638424799041
-37892551699
-551249136654
21902149665
85971881090
-119705684678
8994801625
-298725979818
-348354811907
1841723736
72413992010
109479074188
-201163533493
112194456540
-31368213559
-91632560123
-143073125280
91150231963
4885433119
-69767911992
-36270767382
5672169944
-528288328790
9150421993
-52560690383
59295330464
70684136
-166911331941
-277905529120
-348455756292
-50405253777
-260802176417
142290668633
103638474330
-534841265995
37834438671
-255430945836
10711317300
-35497064105
-42582991789
-127614943528
147905538988
1139977407
15859904634
129719168062
-392039132809
-282730012493
42209018578
-547339214445
-163259779577
40701104247
128913254986
118652623134
49766401526
-71670212
59945511256
-339058071570
4993299793
-141944969207
-73877759652
-118490324937
-53737634691
-155706757188
119976217778
-349802496823
36816829260
9329666732
-99053495087
-42391433046
-214476031370
140659951591
-303459377456
-75890991188
45005124976
-404237442536
2864811824
-23889861161
36592143704
11120475326
34436515700
13076417448
-2058344797
-417152305764
-252063238156
-11904595800
-226619123636
-183186228535
21940164360
-284962394658
-153532990104
6084695526
-59099416201
160439805920
-500095120779
582128652
11866973425
-202085493666
-7227308041
187070910049
-164346269271
-181044625678
-530828787868
18932182084
31038912852
9514416637
-27147181772
-333369750017
108183435632
-362639494654
-412409825385
183392342410
70331194689
47945227751
-252039985220
-595587991326
40390845401
142034237161
-131010968329
-383700751894
-15746266079
-216007996655
-74457764189
-215217246622
-83872963794
73723475508
-311864034920
27017650876
27988628927
-558725588096
-300397084415
45396341017
-20373754102
-96157901454
-152479882801
114306542934
-202510373413
6299647798
-76382685008
-181466687769
70641044543
-422462203053
-182429346024
-198625420472
-91054201409
50569280661
-6057187960
-163066819611
-20050313221
-327524772246
88077574103
-67731004119
-412805304796
-34776349034
27654508
-14452284021
-62293626949
46033588167
178046373926
70059989684
-32654098084
104141422986
9603608998
-178084751269
-491804829884
121172264878
5277443076
125112963786
5712745062
-34992746306
-31452971057
-37453502380
-155208598716
-173947717628
141118588543
-29581392771
28564970962
-167281944354
60396715449
-110838831223
-445732233394
73889448616
-515547345873
-130693465858
-49973357629
169003100373
-314406259269
-507516376597
109988162687
-145456411931
-587209754339
111186220876
-421412963657
-56710996950
14745472565
-39518732413
-687775902095
-66083781323
-89820021552
-46611665802
-81774616405
-342645541940
-426502676962
-111155859594
120076725503
-274056285253
-447204934208
-909118743
-509280159598
148233512684
57509618518
-440870858053
-669693976319
-245553644416
-235833955717
-49912551674
-449558950509
27187906686
-582604137695
-452512175720
-45828635945
15437769739
-717523901389
-367298705568
16922622073
-493247038718
55159186980
-104352193684
-113289484790
-278670114896
-50254861603
-206933555420
-89292593995
-169093823399
96627197922
-31212859835
-60120374832
-490083248991
-373476573034
339307221
-410783980521
-748668859154
-50390651751
88918527420
-280351303278
-367945285203
872053740
-787618200151
-618196570433
68515325443
-781281426475
56194437327
-363945083979
-380025167552
95283237535
-328403752248
-657462947448
-1219802225
-653962136787
65684115
-90269458794
-698181507140
6855372501
-512625516772
-102539008940
-127418200284
-5310486034
-557365061957
-311575975085
-567285617817
-118846693631
-745048711982
-179300088697
-619684682061
-219777515593
-215155484161
-227046325802
24070256130
-230154854731
-653425166684
123637642548
-756833474940
-648057044102
57139407292
-46914469237
-284365833713
-275686289593
-122932150362
-84959844524
-10417728233
8487563817
-198600645394
-17614386413
-34341185080
-707337334003
-95119457260
120342805441
-333638462445
-629867219372
-17908409243
3188268357
444088536
30342631514
-184801742332
-688486409057
18190755152
-11069735772
9302614623
-241489996157
-130587322628
-106755619265
-270170774201
-135168145415
-266368223629
-755588385133
71861932272
-669363615627
109687104377
-111012952513
-509536850028
48353558408
-47313789556
-41879438408
-13180725613
-452025242538
-3834591140
-101413629233
130203099424
-496062831830
-322902184301
-2732583149
-520956656124
-10981881322
-693178435389
-133420967712
50157213924
-69248916629
402669797
-307422222757
345779205
15460793597
50863748122
37360707183
76108398928
32065273242
29366360847
23988526
129500569577
-587372347042
132535822249
-47567216050
120115381116
20379390251
49073990706
-46756629871
-648589492569
233452853
32433813373
-238920104203
-432319730453
24172274685
-763523419226
-8304296865
-598375344132
-342747162884
33086671584
44462805969
-95217349517
-349369396522
-518033607837
83373620418
-280954208536
-21398729431
4143709266
-653176947350
-133904335844
671290221
123135993212
-2087434318
-348432623121
-612166829868
-520406470711
9999630062
90969221457
-728338917354
-4935374805
-576482047986
-36008044155
-556035858477
-202522869877
-243084630089
-180537912144
32234454913
-429917623786
126436194225
-291884606701
87417782
-3177932476
-275537553892
-6735430600
-81226918061
-122185970856
-399271851586
-432420348940
-39708332424
-470971539138
-303359034981
-354686867121
-3523075442
24733175006
-854990085
-36601798130
-351377673237
-638827411949
-16602080116
-81832803792
58495090484
140969294565
8754354658
-109774698414
-250210250607
-388370125866
-36077489709
-585954125280
5066307524
43866205505
-103343202495
-213906382569
-54603034959
-120648774815
28626801801
-167831428854
-123001708765
-62890847427
-51981171919
625099752
-456037555465
-17358575256
-235820342028
44799805526
-2474098728
-242943139922
-49376246339
-343541466869
-453024349506
136865410977
6361613609
99472968766
-458558115653
-48404790999
-386590272538
44235258583
98661647611
3384340140
-123897877292
-16989973723
-127669592559
81158839348
-5606107851
-662503550055
-137344358889
-271044798811
-74341426335
55319640210
-120332402561
-355533822525
8730825574
-222024793217
-112134427161
-176282162553
-562161015011
108844615354
-64603188363
-3346358619
-173251027550
30748172283
-44828418652
-49831883262
-208532854911
78557089197
-440921751516
-259406519207
-269098772973
62076733081
53245902315
-167543962821
-637794569110
-329653904551
-402196569383
-5882207595
-72681951159
120269799816
-99224169608
-12663677370
-455195774708
25353833422
63616918092
155893508407
-8409574722
68569827177
894115843
-314797889482
-435206861535
19191096282
34520423184
-181267328695
-54398931398
775941372
-432944652953
-194285564290
-350140303151
-65899418846
-176668277879
-29570362282
11511727009
45183281151
-184436894966
23994462484
-702428898197
-24093884014
-701547634254
26156652318
18066483086
-219785862259
-214540299163
-8171333480
-558689163316
-7108348035
-15082671131
89406687053
-687280665349
-84560823675
-466928812547
-232028750985
-56558273366
168349008939
-200670894695
-380875064612
-76683853594
51122067903
-29373000846
-477421765245
-603626294887
-285693980482
-683216913516
-650325875148
24242287126
-211564082305
-282086361731
139277912354
-182561895535
-1925598179
-540469348863
-109747260268
-167580117357
-76212633153
-37315788939
104860148777
-45625921376
65259502558
66301424458
-24295228045
-39852977877
297007853
73043341976
-507683046672
-51572358779
-427123600736
-781456895911
-475414481715
36910776
-322612410541
-765169746377
-201748610426
-153171379709
134672547663
-28543541441
-523733241994
-390949123663
160008804172
-35200117423
-333145200568
-398628816006
-60334987019
-468030146834
-384122378794
12479382873
113644156181
-65333268668
-482642838314
30723801163
50027948039
-233119075800
-42391903343
-4490472899
-359434482848
-604532257794
-274703813532
-231610078615
1157205750
-113811130621
-39783811786
112775830129
-34353868324
2851001624
2902597002
154845478383
35173168213
20779334505
-325622831723
10701865840
-224699341156
137982090316
27063460747
-418622347554
17313993042
-456831392842
98226423761
-1123051102
-154941627571
-191672360948
-2151984079
6003469624
-236004757657
-511986860399
11238490204
-59311966385
-487589361467
-735002236848
-2414849901
-664896501747
-410720855384
28819397761
-182630521340
-4852713376
-202838768268
-401142134111
-57579126423
-736057414427
59180162364
-475556760758
-24324531101
-76722358031
-33564680268
-66431968685
37361884470
-454448567976
-392856927688
-19378822344
175803507616
-375777836903
-230985728837
-142747564900
-685366192237
-120386068272
-116463532478
-764415083979
-422367598937
-31331406608
-50859455496
-191133601164
-6354257515
-14530122281
-25991357071
-676359573350
-212023391884
171734546621
46522640718
-105154070961
-580939515739
74328006009
-39144693841
117500848750
-505487688548
-113230125034
59154665467
-506825811157
90338749398
-330735017328
-146042666081
-289737219665
7692444061
-312274854564
-4561913357
159242380737
-460113795793
-9100432124
-16434218763
11840210605
-678744731906
-441136339313
-355580173053
70516327357
-18879082520
56829422881
-167140713078
-34734594339
-247545454434
-12229780495
103893808023
-316251782331
-775398648701
-417164277856
17669980148
65402754017
-2627028371
-176673166190
-140704059095
42050905189
-49064908233
-1896820997
111853708513
-451294679914
-362442131884
-5296399545
-61113362930
65564978044
-67868247024
-152221483827
-326284079690
20110569952
-546818781342
43790301631
-201186821441
78125848987
-4926271290
-675773704767
-173696639232
-40606700619
-255176213826
-120019379554
-263789309186
-307944096281
-114400284128
-36766839954
-750324435322
-232931200885
-339884885301
-200409239252
-251649338105
10214628226
9488657628
-192361110718
-514488043779
-477825647
-65312234691
-249973227630
-261694163578
-104013602929
94575417722
-127064887265
-74403966457
-107621586070
183366913937
-35144217039
-62694960412
-738993447293
130639791091
147571579121
-491203365838
-369105565851
-116059825908
-2050132818
-633097411230
-100999215311
-33007752422
-84952651644
-7261695994
-448047722245
-187275813697
30588472986
-81558415683
-126569796496
78413291635
-2436904123
-100284353531
63388918368
-61502770140
-191432456771
40621718008
-97003303362
-16202596007
-866850049
-6699698504
-842494818881
-267991722318
-259425687350
-502206149691
-74817399512
-628302450101
-613873418251
-147220439893
-74674676893
-162176277346
-180711282725
72264613583
-198516756982
-48375864051
141932986145
98439860332
-473623601980
-58085907300
66877877465
-220663427481
128634425003
86751344711
-33755372828
-93335812369
-628046420228
-407850784381
-254720780255
-505772384852
-337815472275
-5851978909
-667724854637
-349793812043
-11052304313
-65924681469
53835848577
-752600022802
22298935462
-235727799957
-116937939348
43348590910
46417820140
-46417486203
-741068015240
54166658938
70635741876
94510970712
-69498279477
-463104314014
-688648798747
-71312049761
-551775641225
80854171023
82977365565
-16706567833
37348942054
-331278991754
17763457209
-674063081054
6744014927
-36803366965
-64236328973
-762046802323
30166364477
-417023756641
14159346904
-155084500079
139862965302
-529948669339
-74947714458
-572895774637
-170349289066
104973691957
-5290713944
13776344797
-208185896575
-5743262811
-18767812372
-386083916596
-269881505555
144462116887
-64835034534
-144731635976
148145511691
-181269327966
278480250
-8877257737
-473571923653
5846872043
-139344458137
-211186482856
-532572945
16237961627
122636012502
-799425805596
-69611970957
201896379328
103010679455
-40870640394
205963635354
114050430413
103710899593
-404040294502
-11870185598
69723950068
-28762314064
77507937607
-636017364732
63471272286
-565894454234
119288771729
-523506405019
32232570370
-545866713
98979693998
-188821798706
-810053718154
-3745973193
-408300727689
72328173546
-185825319146
5941367846
90727590
10901014552
-48419459434
-253884653078
-74984984891
-78904186202
-181173486342
-743354811554
-298974719673
-60965285852
-213307499309
48931788586
-258601016011
-115941959823
-10668669026
58146878485
940480121
144291012378
-78076202547
-157522787045
-7820700206
-213127649132
-176305642329
-270200298587
106474919811
-44530537409
-133901772891
-71404484095
28296811617
-47936051428
-282540144582
-165538642010
-328380174380
-527499109947
-163036352608
188419225436
-795187556467
-720052230030
-109878620680
-454292248798
-111154336800
-66103761582
-783243254080
-50848937999
45676474758
-97314186989
22654502782
-401931064484
-262664125867
90225622616
-710757645099
-205063002860
-478675756260
100406591105
-45424514640
-526396847092
-144222855081
-49726719971
-366341633383
-181129228718
-228455726081
50972798467
-1722957803
-48482310014
-222198829292
250238258
-5655414319
-582121315058
3639889160
-371453121629
-501683471393
3374541915
-37825867471
-177653580816
-263074160736
25936459704
91979560436
-22285839035
197692076066
77488290148
-370093038842
24392017904
-244758851589
-115795896618
3875609199
-683177866803
169444573
-732402890930
-643977333715
-128008166966
142871311444
-68970595104
-657934426571
-579774008202
-28148509487
-242621125424
-720796353993
199885143227
-1726195541
-82099138943
46239111629
93072109909
48605306721
-51439267854
72919753463
-264359866029
-39405681962
-479995317588
-48720322920
-564841081752
16710951901
-308444655067
-233957627030
52574116114
-115441268990
-2999928008
-31854753475
-382397602450
-496973613847
-434714668002
-46526294456
-153978509657
18290845782
171736588791
182272549100
-583621695207
57535752766
123018529566
-162572730607
36378577219
-744489722925
-364335822255
23316373707
81061942853
-57399189523
17159475896
284405973305
-415801027167
-184375303324
9428027150
-514601975008
187729469066
-390270898689
-12583001769
-564055125459
-572421778866
2835839871
-700701332644
-66490969
5729938753
-18345330936
-416492925437
200070495
-19394821530
-153844315135
253518002358
-3598657089
-484129411322
-590194026704
159857793421
-62908075904
-610046653333
15036565547
-293481459946
-556368929009
-383431718023
112490214131
-9700030877
-238230439425
-233041383516
235788468114
-39483073907
-711849942565
22191682459
-313781492410
-37712140137
187182435176
-29483629250
-8502082091
-176962804745
-22848914498
-564842919745
-6884676512
55179994452
-53684820285
-362886632251
22043840815
8727702960
-177458601975
951277868
-666892016276
185698209314
-131430559738
8529836505
77454888315
-504606391779
12669018603
2952562076
-679148610698
54711826364
-526397753634
-21827311977
-56154137323
137150686671
-692198165412
206033911170
-142758209988
-821232795061
48534012457
-741716869730
120998261773
-464454123
-178362954689
104959442558
-488394813206
265584551
188139540539
-234152829166
102218560555
297308332822
-262210699882
-851932070422
-774415570676
15951588870
-526246498777
274698914653
-700030569429
-194760139162
41130632
-60155816398
121853523033
-29724416979
-178756657117
-640954260923
302366863335
38674070243
138668489072
18023741981
-397748452153
65047285872
-131159933005
-635789403475
181932985483
7270716383
313290602336
201041625123
2268054292
146227014862
200460179796
-161244409636
4450316833
83343850763
-720441573960
-537760796192
687975197
-11772280346
81561184118
-9168567891
-28998740035
136355507668
74010903570
-124900871443
-788409137862
230097938205
49498088240
28869946868
102849206832
-627410195996
-22598467763
-788318951129
287451363942
-1154115343
-105970305784
-23142971412
-35489803336
-207469678073
-383539175230
154825172490
-499550643836
-73843314422
-208896454426
-7510089958
4219814178
104137635368
-168570462569
-703493965111
-505722463024
-211695301301
-91536440047
-32861024258
13742313768
308066227830
38084130867
-393284775141
123536192403
-16307655946
-741129462445
-75667616729
-395209109344
94228151809
-110243409793
4236024896
115062977085
-129408914416
111454403002
238254524068
-55520515247
127662179746
110509634766
164353929745
306573507955
18729893465
-802118938617
-37836981197
-789582962251
-552803267935
-422238381094
281829520684
95355838246
-205524350024
-182253536441
275650334036
-19201600391
22470086641
-739381929345
275497357684
-32202295046
174382066233
36375960
-79938358156
213533789
-271964674525
321835936146
278508283372
-814228565692
-2545931651
27338375547
24929196211
28735239953
204149245943
-798316274849
-385318876241
-155020076324
217436171077
76701203238
351552350466
-114736351965
193473139660
-261459299248
-160336116091
-139705442288
-392750593259
-506844156163
37116370216
-135950290592
-553000643731
268389122437
3468619084
313056298977
-268270084989
-14737845181
21935705674
54527172813
21011501967
56574771311
53890960517
-214091823797
-8387524680
74628268093
37679068897
-516933587589
-769916268226
-196977250078
12364674358
-290035815306
3650925745
-433405888162
-462939486983
130367861655
167990563362
-254880852119
224986180597
-119332231383
152650588652
156306221645
101783172492
-92758907637
146720083760
155978365074
26005747737
110319760020
-460676916017
203189975
136328913202
250000535209
241766540925
30234820246
283976341364
291476570565
428400687
-433166856554
-497190240913
2418554413
3563369084
-157702552252
102861707438
-113177692566
10304873167
-333141766689
73640565730
27221070370
151191510438
31545777071
-126570343542
15413384493
-154452366747
174475893993
282380000853
176992487701
-337835625968
-326235302678
166872087754
132263968297
16944714638
-33026687895
104607675829
-140944254270
33397817825
173788838132
-718292671787
-738360519619
-111114482448
322819833877
68687892008
-638885746600
-532520343385
-459825437489
-688636707189
994039073
-439540707457
-85201430047
-29168977945
33355337
-16934250606
8553766074
214760861567
191372945758
-8612438884
1554116764
-24267568223
-31673527697
-659181886561
-1777176840
34541915146
-276222261366
-641907178921
-351017244089
76181334822
-290241387658
-381490226114
-410710060853
-642147010525
-106727345541
-588581678861
39620627753
-12425927899
16543439729
-452102946286
-1786059836
-37240217416
-15363185281
-520655632540
160975681903
291783034003
